[2024-08-27T08:00:01.052+0000] {taskinstance.py:1956} INFO - Dependencies all met for dep_context=non-requeueable deps ti=<TaskInstance: json_FT_processing_pipeline_03.new_json_file_sensor scheduled__2024-08-26T08:00:00+00:00 [queued]>
[2024-08-27T08:00:01.062+0000] {taskinstance.py:1956} INFO - Dependencies all met for dep_context=requeueable deps ti=<TaskInstance: json_FT_processing_pipeline_03.new_json_file_sensor scheduled__2024-08-26T08:00:00+00:00 [queued]>
[2024-08-27T08:00:01.062+0000] {taskinstance.py:2170} INFO - Starting attempt 1 of 61
[2024-08-27T08:00:01.076+0000] {taskinstance.py:2191} INFO - Executing <Task(FileSensor): new_json_file_sensor> on 2024-08-26 08:00:00+00:00
[2024-08-27T08:00:01.081+0000] {standard_task_runner.py:60} INFO - Started process 113349 to run task
[2024-08-27T08:00:01.084+0000] {standard_task_runner.py:87} INFO - Running: ['***', 'tasks', 'run', 'json_FT_processing_pipeline_03', 'new_json_file_sensor', 'scheduled__2024-08-26T08:00:00+00:00', '--job-id', '72', '--raw', '--subdir', 'DAGS_FOLDER/FranceTravail_pipeline_dag03.py', '--cfg-path', '/tmp/tmp77vq_2p0']
[2024-08-27T08:00:01.085+0000] {standard_task_runner.py:88} INFO - Job 72: Subtask new_json_file_sensor
[2024-08-27T08:00:01.103+0000] {warnings.py:109} WARNING - /home/***/.local/lib/python3.8/site-packages/***/settings.py:194: DeprecationWarning: The sql_alchemy_conn option in [core] has been moved to the sql_alchemy_conn option in [database] - the old setting has been used, but please update your config.
  SQL_ALCHEMY_CONN = conf.get("database", "SQL_ALCHEMY_CONN")

[2024-08-27T08:00:01.138+0000] {task_command.py:423} INFO - Running <TaskInstance: json_FT_processing_pipeline_03.new_json_file_sensor scheduled__2024-08-26T08:00:00+00:00 [running]> on host 9e648299db30
[2024-08-27T08:00:01.225+0000] {taskinstance.py:2480} INFO - Exporting env vars: AIRFLOW_CTX_DAG_OWNER='***' AIRFLOW_CTX_DAG_ID='json_FT_processing_pipeline_03' AIRFLOW_CTX_TASK_ID='new_json_file_sensor' AIRFLOW_CTX_EXECUTION_DATE='2024-08-26T08:00:00+00:00' AIRFLOW_CTX_TRY_NUMBER='1' AIRFLOW_CTX_DAG_RUN_ID='scheduled__2024-08-26T08:00:00+00:00'
[2024-08-27T08:00:01.236+0000] {base.py:83} INFO - Using connection ID 'fs_jobmarket' for task execution.
[2024-08-27T08:00:01.237+0000] {filesystem.py:66} INFO - Poking for file /opt/***/ETL/Json_temp
[2024-08-27T08:00:11.255+0000] {base.py:83} INFO - Using connection ID 'fs_jobmarket' for task execution.
[2024-08-27T08:00:11.255+0000] {filesystem.py:66} INFO - Poking for file /opt/***/ETL/Json_temp
[2024-08-27T08:00:21.272+0000] {base.py:83} INFO - Using connection ID 'fs_jobmarket' for task execution.
[2024-08-27T08:00:21.273+0000] {filesystem.py:66} INFO - Poking for file /opt/***/ETL/Json_temp
[2024-08-27T08:00:31.290+0000] {base.py:83} INFO - Using connection ID 'fs_jobmarket' for task execution.
[2024-08-27T08:00:31.290+0000] {filesystem.py:66} INFO - Poking for file /opt/***/ETL/Json_temp
[2024-08-27T08:00:41.308+0000] {base.py:83} INFO - Using connection ID 'fs_jobmarket' for task execution.
[2024-08-27T08:00:41.308+0000] {filesystem.py:66} INFO - Poking for file /opt/***/ETL/Json_temp
[2024-08-27T08:00:51.326+0000] {base.py:83} INFO - Using connection ID 'fs_jobmarket' for task execution.
[2024-08-27T08:00:51.328+0000] {filesystem.py:66} INFO - Poking for file /opt/***/ETL/Json_temp
[2024-08-27T08:01:01.344+0000] {base.py:83} INFO - Using connection ID 'fs_jobmarket' for task execution.
[2024-08-27T08:01:01.344+0000] {filesystem.py:66} INFO - Poking for file /opt/***/ETL/Json_temp
[2024-08-27T08:01:11.362+0000] {base.py:83} INFO - Using connection ID 'fs_jobmarket' for task execution.
[2024-08-27T08:01:11.363+0000] {filesystem.py:66} INFO - Poking for file /opt/***/ETL/Json_temp
[2024-08-27T08:01:21.380+0000] {base.py:83} INFO - Using connection ID 'fs_jobmarket' for task execution.
[2024-08-27T08:01:21.380+0000] {filesystem.py:66} INFO - Poking for file /opt/***/ETL/Json_temp
[2024-08-27T08:01:31.401+0000] {base.py:83} INFO - Using connection ID 'fs_jobmarket' for task execution.
[2024-08-27T08:01:31.401+0000] {filesystem.py:66} INFO - Poking for file /opt/***/ETL/Json_temp
[2024-08-27T08:01:41.419+0000] {base.py:83} INFO - Using connection ID 'fs_jobmarket' for task execution.
[2024-08-27T08:01:41.419+0000] {filesystem.py:66} INFO - Poking for file /opt/***/ETL/Json_temp
[2024-08-27T08:01:51.436+0000] {base.py:83} INFO - Using connection ID 'fs_jobmarket' for task execution.
[2024-08-27T08:01:51.436+0000] {filesystem.py:66} INFO - Poking for file /opt/***/ETL/Json_temp
[2024-08-27T08:02:01.451+0000] {base.py:83} INFO - Using connection ID 'fs_jobmarket' for task execution.
[2024-08-27T08:02:01.452+0000] {filesystem.py:66} INFO - Poking for file /opt/***/ETL/Json_temp
[2024-08-27T08:02:11.466+0000] {base.py:83} INFO - Using connection ID 'fs_jobmarket' for task execution.
[2024-08-27T08:02:11.467+0000] {filesystem.py:66} INFO - Poking for file /opt/***/ETL/Json_temp
[2024-08-27T08:02:21.486+0000] {base.py:83} INFO - Using connection ID 'fs_jobmarket' for task execution.
[2024-08-27T08:02:21.486+0000] {filesystem.py:66} INFO - Poking for file /opt/***/ETL/Json_temp
[2024-08-27T08:02:31.503+0000] {base.py:83} INFO - Using connection ID 'fs_jobmarket' for task execution.
[2024-08-27T08:02:31.503+0000] {filesystem.py:66} INFO - Poking for file /opt/***/ETL/Json_temp
[2024-08-27T08:02:41.518+0000] {base.py:83} INFO - Using connection ID 'fs_jobmarket' for task execution.
[2024-08-27T08:02:41.519+0000] {filesystem.py:66} INFO - Poking for file /opt/***/ETL/Json_temp
[2024-08-27T08:02:51.535+0000] {base.py:83} INFO - Using connection ID 'fs_jobmarket' for task execution.
[2024-08-27T08:02:51.535+0000] {filesystem.py:66} INFO - Poking for file /opt/***/ETL/Json_temp
[2024-08-27T08:03:01.553+0000] {base.py:83} INFO - Using connection ID 'fs_jobmarket' for task execution.
[2024-08-27T08:03:01.553+0000] {filesystem.py:66} INFO - Poking for file /opt/***/ETL/Json_temp
[2024-08-27T08:03:11.570+0000] {base.py:83} INFO - Using connection ID 'fs_jobmarket' for task execution.
[2024-08-27T08:03:11.570+0000] {filesystem.py:66} INFO - Poking for file /opt/***/ETL/Json_temp
[2024-08-27T08:03:21.586+0000] {base.py:83} INFO - Using connection ID 'fs_jobmarket' for task execution.
[2024-08-27T08:03:21.587+0000] {filesystem.py:66} INFO - Poking for file /opt/***/ETL/Json_temp
[2024-08-27T08:03:31.601+0000] {base.py:83} INFO - Using connection ID 'fs_jobmarket' for task execution.
[2024-08-27T08:03:31.602+0000] {filesystem.py:66} INFO - Poking for file /opt/***/ETL/Json_temp
[2024-08-27T08:03:41.619+0000] {base.py:83} INFO - Using connection ID 'fs_jobmarket' for task execution.
[2024-08-27T08:03:41.619+0000] {filesystem.py:66} INFO - Poking for file /opt/***/ETL/Json_temp
[2024-08-27T08:03:51.634+0000] {base.py:83} INFO - Using connection ID 'fs_jobmarket' for task execution.
[2024-08-27T08:03:51.634+0000] {filesystem.py:66} INFO - Poking for file /opt/***/ETL/Json_temp
[2024-08-27T08:04:01.651+0000] {base.py:83} INFO - Using connection ID 'fs_jobmarket' for task execution.
[2024-08-27T08:04:01.651+0000] {filesystem.py:66} INFO - Poking for file /opt/***/ETL/Json_temp
[2024-08-27T08:04:11.668+0000] {base.py:83} INFO - Using connection ID 'fs_jobmarket' for task execution.
[2024-08-27T08:04:11.669+0000] {filesystem.py:66} INFO - Poking for file /opt/***/ETL/Json_temp
[2024-08-27T08:04:21.686+0000] {base.py:83} INFO - Using connection ID 'fs_jobmarket' for task execution.
[2024-08-27T08:04:21.687+0000] {filesystem.py:66} INFO - Poking for file /opt/***/ETL/Json_temp
[2024-08-27T08:04:31.702+0000] {base.py:83} INFO - Using connection ID 'fs_jobmarket' for task execution.
[2024-08-27T08:04:31.703+0000] {filesystem.py:66} INFO - Poking for file /opt/***/ETL/Json_temp
[2024-08-27T08:04:41.718+0000] {base.py:83} INFO - Using connection ID 'fs_jobmarket' for task execution.
[2024-08-27T08:04:41.719+0000] {filesystem.py:66} INFO - Poking for file /opt/***/ETL/Json_temp
[2024-08-27T08:04:51.734+0000] {base.py:83} INFO - Using connection ID 'fs_jobmarket' for task execution.
[2024-08-27T08:04:51.735+0000] {filesystem.py:66} INFO - Poking for file /opt/***/ETL/Json_temp
[2024-08-27T08:05:01.750+0000] {base.py:83} INFO - Using connection ID 'fs_jobmarket' for task execution.
[2024-08-27T08:05:01.750+0000] {filesystem.py:66} INFO - Poking for file /opt/***/ETL/Json_temp
[2024-08-27T08:05:11.767+0000] {base.py:83} INFO - Using connection ID 'fs_jobmarket' for task execution.
[2024-08-27T08:05:11.768+0000] {filesystem.py:66} INFO - Poking for file /opt/***/ETL/Json_temp
[2024-08-27T08:05:21.786+0000] {base.py:83} INFO - Using connection ID 'fs_jobmarket' for task execution.
[2024-08-27T08:05:21.787+0000] {filesystem.py:66} INFO - Poking for file /opt/***/ETL/Json_temp
[2024-08-27T08:05:31.805+0000] {base.py:83} INFO - Using connection ID 'fs_jobmarket' for task execution.
[2024-08-27T08:05:31.805+0000] {filesystem.py:66} INFO - Poking for file /opt/***/ETL/Json_temp
[2024-08-27T08:05:41.825+0000] {base.py:83} INFO - Using connection ID 'fs_jobmarket' for task execution.
[2024-08-27T08:05:41.825+0000] {filesystem.py:66} INFO - Poking for file /opt/***/ETL/Json_temp
[2024-08-27T08:05:51.842+0000] {base.py:83} INFO - Using connection ID 'fs_jobmarket' for task execution.
[2024-08-27T08:05:51.842+0000] {filesystem.py:66} INFO - Poking for file /opt/***/ETL/Json_temp
[2024-08-27T08:06:01.861+0000] {base.py:83} INFO - Using connection ID 'fs_jobmarket' for task execution.
[2024-08-27T08:06:01.861+0000] {filesystem.py:66} INFO - Poking for file /opt/***/ETL/Json_temp
[2024-08-27T08:06:11.878+0000] {base.py:83} INFO - Using connection ID 'fs_jobmarket' for task execution.
[2024-08-27T08:06:11.879+0000] {filesystem.py:66} INFO - Poking for file /opt/***/ETL/Json_temp
[2024-08-27T08:06:21.895+0000] {base.py:83} INFO - Using connection ID 'fs_jobmarket' for task execution.
[2024-08-27T08:06:21.895+0000] {filesystem.py:66} INFO - Poking for file /opt/***/ETL/Json_temp
[2024-08-27T08:06:31.913+0000] {base.py:83} INFO - Using connection ID 'fs_jobmarket' for task execution.
[2024-08-27T08:06:31.913+0000] {filesystem.py:66} INFO - Poking for file /opt/***/ETL/Json_temp
[2024-08-27T08:06:41.932+0000] {base.py:83} INFO - Using connection ID 'fs_jobmarket' for task execution.
[2024-08-27T08:06:41.932+0000] {filesystem.py:66} INFO - Poking for file /opt/***/ETL/Json_temp
[2024-08-27T08:06:51.953+0000] {base.py:83} INFO - Using connection ID 'fs_jobmarket' for task execution.
[2024-08-27T08:06:51.953+0000] {filesystem.py:66} INFO - Poking for file /opt/***/ETL/Json_temp
[2024-08-27T08:07:01.971+0000] {base.py:83} INFO - Using connection ID 'fs_jobmarket' for task execution.
[2024-08-27T08:07:01.971+0000] {filesystem.py:66} INFO - Poking for file /opt/***/ETL/Json_temp
[2024-08-27T08:07:11.987+0000] {base.py:83} INFO - Using connection ID 'fs_jobmarket' for task execution.
[2024-08-27T08:07:11.987+0000] {filesystem.py:66} INFO - Poking for file /opt/***/ETL/Json_temp
[2024-08-27T08:07:22.004+0000] {base.py:83} INFO - Using connection ID 'fs_jobmarket' for task execution.
[2024-08-27T08:07:22.004+0000] {filesystem.py:66} INFO - Poking for file /opt/***/ETL/Json_temp
[2024-08-27T08:07:32.022+0000] {base.py:83} INFO - Using connection ID 'fs_jobmarket' for task execution.
[2024-08-27T08:07:32.023+0000] {filesystem.py:66} INFO - Poking for file /opt/***/ETL/Json_temp
[2024-08-27T08:07:42.040+0000] {base.py:83} INFO - Using connection ID 'fs_jobmarket' for task execution.
[2024-08-27T08:07:42.040+0000] {filesystem.py:66} INFO - Poking for file /opt/***/ETL/Json_temp
[2024-08-27T08:07:52.059+0000] {base.py:83} INFO - Using connection ID 'fs_jobmarket' for task execution.
[2024-08-27T08:07:52.059+0000] {filesystem.py:66} INFO - Poking for file /opt/***/ETL/Json_temp
[2024-08-27T08:08:02.075+0000] {base.py:83} INFO - Using connection ID 'fs_jobmarket' for task execution.
[2024-08-27T08:08:02.076+0000] {filesystem.py:66} INFO - Poking for file /opt/***/ETL/Json_temp
[2024-08-27T08:08:12.091+0000] {base.py:83} INFO - Using connection ID 'fs_jobmarket' for task execution.
[2024-08-27T08:08:12.091+0000] {filesystem.py:66} INFO - Poking for file /opt/***/ETL/Json_temp
[2024-08-27T08:08:22.106+0000] {base.py:83} INFO - Using connection ID 'fs_jobmarket' for task execution.
[2024-08-27T08:08:22.106+0000] {filesystem.py:66} INFO - Poking for file /opt/***/ETL/Json_temp
[2024-08-27T08:08:32.122+0000] {base.py:83} INFO - Using connection ID 'fs_jobmarket' for task execution.
[2024-08-27T08:08:32.123+0000] {filesystem.py:66} INFO - Poking for file /opt/***/ETL/Json_temp
[2024-08-27T08:08:42.141+0000] {base.py:83} INFO - Using connection ID 'fs_jobmarket' for task execution.
[2024-08-27T08:08:42.141+0000] {filesystem.py:66} INFO - Poking for file /opt/***/ETL/Json_temp
[2024-08-27T08:08:52.158+0000] {base.py:83} INFO - Using connection ID 'fs_jobmarket' for task execution.
[2024-08-27T08:08:52.159+0000] {filesystem.py:66} INFO - Poking for file /opt/***/ETL/Json_temp
[2024-08-27T08:09:02.177+0000] {base.py:83} INFO - Using connection ID 'fs_jobmarket' for task execution.
[2024-08-27T08:09:02.177+0000] {filesystem.py:66} INFO - Poking for file /opt/***/ETL/Json_temp
[2024-08-27T08:09:12.194+0000] {base.py:83} INFO - Using connection ID 'fs_jobmarket' for task execution.
[2024-08-27T08:09:12.195+0000] {filesystem.py:66} INFO - Poking for file /opt/***/ETL/Json_temp
[2024-08-27T08:09:22.211+0000] {base.py:83} INFO - Using connection ID 'fs_jobmarket' for task execution.
[2024-08-27T08:09:22.211+0000] {filesystem.py:66} INFO - Poking for file /opt/***/ETL/Json_temp
[2024-08-27T08:09:32.228+0000] {base.py:83} INFO - Using connection ID 'fs_jobmarket' for task execution.
[2024-08-27T08:09:32.228+0000] {filesystem.py:66} INFO - Poking for file /opt/***/ETL/Json_temp
[2024-08-27T08:09:42.239+0000] {base.py:83} INFO - Using connection ID 'fs_jobmarket' for task execution.
[2024-08-27T08:09:42.239+0000] {filesystem.py:66} INFO - Poking for file /opt/***/ETL/Json_temp
[2024-08-27T08:09:52.257+0000] {base.py:83} INFO - Using connection ID 'fs_jobmarket' for task execution.
[2024-08-27T08:09:52.257+0000] {filesystem.py:66} INFO - Poking for file /opt/***/ETL/Json_temp
[2024-08-27T08:10:02.276+0000] {base.py:83} INFO - Using connection ID 'fs_jobmarket' for task execution.
[2024-08-27T08:10:02.276+0000] {filesystem.py:66} INFO - Poking for file /opt/***/ETL/Json_temp
[2024-08-27T08:10:02.277+0000] {taskinstance.py:2698} ERROR - Task failed with exception
Traceback (most recent call last):
  File "/home/airflow/.local/lib/python3.8/site-packages/airflow/models/taskinstance.py", line 433, in _execute_task
    result = execute_callable(context=context, **execute_callable_kwargs)
  File "/home/airflow/.local/lib/python3.8/site-packages/airflow/sensors/base.py", line 282, in execute
    raise AirflowSensorTimeout(message)
airflow.exceptions.AirflowSensorTimeout: Sensor has timed out; run duration of 601.0507622580044 seconds exceeds the specified timeout of 600.0.
[2024-08-27T08:10:02.287+0000] {taskinstance.py:1138} INFO - Immediate failure requested. Marking task as FAILED. dag_id=json_FT_processing_pipeline_03, task_id=new_json_file_sensor, execution_date=20240826T080000, start_date=20240827T080001, end_date=20240827T081002
[2024-08-27T08:10:02.302+0000] {standard_task_runner.py:107} ERROR - Failed to execute job 72 for task new_json_file_sensor (Sensor has timed out; run duration of 601.0507622580044 seconds exceeds the specified timeout of 600.0.; 113349)
[2024-08-27T08:10:02.316+0000] {local_task_job_runner.py:234} INFO - Task exited with return code 1
[2024-08-27T08:10:02.346+0000] {taskinstance.py:3280} INFO - 0 downstream tasks scheduled from follow-on schedule check
