[2024-08-22T14:36:34.034+0000] {taskinstance.py:1956} INFO - Dependencies all met for dep_context=non-requeueable deps ti=<TaskInstance: json_FT_processing_pipeline_03.bulk_load_task manual__2024-08-22T14:34:39.787836+00:00 [queued]>
[2024-08-22T14:36:34.041+0000] {taskinstance.py:1956} INFO - Dependencies all met for dep_context=requeueable deps ti=<TaskInstance: json_FT_processing_pipeline_03.bulk_load_task manual__2024-08-22T14:34:39.787836+00:00 [queued]>
[2024-08-22T14:36:34.041+0000] {taskinstance.py:2170} INFO - Starting attempt 1 of 61
[2024-08-22T14:36:34.055+0000] {taskinstance.py:2191} INFO - Executing <Task(PythonOperator): bulk_load_task> on 2024-08-22 14:34:39.787836+00:00
[2024-08-22T14:36:34.060+0000] {standard_task_runner.py:60} INFO - Started process 14105 to run task
[2024-08-22T14:36:34.063+0000] {standard_task_runner.py:87} INFO - Running: ['***', 'tasks', 'run', 'json_FT_processing_pipeline_03', 'bulk_load_task', 'manual__2024-08-22T14:34:39.787836+00:00', '--job-id', '7', '--raw', '--subdir', 'DAGS_FOLDER/FranceTravail_pipeline_dag03.py', '--cfg-path', '/tmp/tmp5_ztkywy']
[2024-08-22T14:36:34.064+0000] {standard_task_runner.py:88} INFO - Job 7: Subtask bulk_load_task
[2024-08-22T14:36:34.079+0000] {warnings.py:109} WARNING - /home/***/.local/lib/python3.8/site-packages/***/settings.py:194: DeprecationWarning: The sql_alchemy_conn option in [core] has been moved to the sql_alchemy_conn option in [database] - the old setting has been used, but please update your config.
  SQL_ALCHEMY_CONN = conf.get("database", "SQL_ALCHEMY_CONN")

[2024-08-22T14:36:34.113+0000] {task_command.py:423} INFO - Running <TaskInstance: json_FT_processing_pipeline_03.bulk_load_task manual__2024-08-22T14:34:39.787836+00:00 [running]> on host f25666c00f72
[2024-08-22T14:36:34.194+0000] {taskinstance.py:2480} INFO - Exporting env vars: AIRFLOW_CTX_DAG_OWNER='***' AIRFLOW_CTX_DAG_ID='json_FT_processing_pipeline_03' AIRFLOW_CTX_TASK_ID='bulk_load_task' AIRFLOW_CTX_EXECUTION_DATE='2024-08-22T14:34:39.787836+00:00' AIRFLOW_CTX_TRY_NUMBER='1' AIRFLOW_CTX_DAG_RUN_ID='manual__2024-08-22T14:34:39.787836+00:00'
[2024-08-22T14:36:35.103+0000] {taskinstance.py:2698} ERROR - Task failed with exception
Traceback (most recent call last):
  File "/home/airflow/.local/lib/python3.8/site-packages/airflow/models/taskinstance.py", line 433, in _execute_task
    result = execute_callable(context=context, **execute_callable_kwargs)
  File "/home/airflow/.local/lib/python3.8/site-packages/airflow/operators/python.py", line 199, in execute
    return_value = self.execute_callable()
  File "/home/airflow/.local/lib/python3.8/site-packages/airflow/operators/python.py", line 216, in execute_callable
    return self.python_callable(*self.op_args, **self.op_kwargs)
  File "/opt/airflow/dags/FranceTravail_pipeline_dag03.py", line 92, in bulk_load
    subprocess.run(['python', '/opt/airflow/ETL/Load/bulk_script_ft.py', file_path, log_file], check=True)
  File "/usr/local/lib/python3.8/subprocess.py", line 516, in run
    raise CalledProcessError(retcode, process.args,
subprocess.CalledProcessError: Command '['python', '/opt/airflow/ETL/Load/bulk_script_ft.py', '/opt/airflow/ETL/Json_transformed/FT_scrapping_20240822_074643_data engineer_updated.json', '/opt/airflow/logs/bulk_load_task.log']' returned non-zero exit status 1.
[2024-08-22T14:36:35.119+0000] {taskinstance.py:1138} INFO - Marking task as UP_FOR_RETRY. dag_id=json_FT_processing_pipeline_03, task_id=bulk_load_task, execution_date=20240822T143439, start_date=20240822T143634, end_date=20240822T143635
[2024-08-22T14:36:35.133+0000] {standard_task_runner.py:107} ERROR - Failed to execute job 7 for task bulk_load_task (Command '['python', '/opt/airflow/ETL/Load/bulk_script_ft.py', '/opt/airflow/ETL/Json_transformed/FT_scrapping_20240822_074643_data engineer_updated.json', '/opt/airflow/logs/bulk_load_task.log']' returned non-zero exit status 1.; 14105)
[2024-08-22T14:36:35.161+0000] {local_task_job_runner.py:234} INFO - Task exited with return code 1
[2024-08-22T14:36:35.178+0000] {taskinstance.py:3280} INFO - 0 downstream tasks scheduled from follow-on schedule check
