0 verbose cli [ '/usr/bin/node', '/usr/bin/npm', '--version' ]
1 info using npm@8.5.1
2 info using node@v12.22.9
3 timing npm:load:whichnode Completed in 0ms
4 timing config:load:defaults Completed in 1ms
5 timing config:load:file:/usr/share/nodejs/npm/npmrc Completed in 2ms
6 timing config:load:builtin Completed in 2ms
7 timing config:load:cli Completed in 3ms
8 timing config:load:env Completed in 0ms
9 timing config:load:file:/home/ubuntu/test_mohamed/.npmrc Completed in 0ms
10 timing config:load:project Completed in 2ms
11 timing config:load:file:/home/ubuntu/.npmrc Completed in 0ms
12 timing config:load:user Completed in 0ms
13 timing config:load:file:/etc/npmrc Completed in 1ms
14 timing config:load:global Completed in 1ms
15 timing config:load:validate Completed in 0ms
16 timing config:load:credentials Completed in 1ms
17 timing config:load:setEnvs Completed in 1ms
18 timing config:load Completed in 12ms
19 timing npm:load:configload Completed in 13ms
20 timing npm:load:setTitle Completed in 0ms
21 timing config:load:flatten Completed in 3ms
22 timing npm:load:display Completed in 5ms
23 verbose logfile /home/ubuntu/.npm/_logs/2024-05-12T08_41_28_836Z-debug-0.log
24 timing npm:load:logFile Completed in 5ms
25 timing npm:load:timers Completed in 1ms
26 timing npm:load:configScope Completed in 0ms
27 timing npm:load Completed in 25ms
28 verbose exit 0
29 timing npm Completed in 190ms
30 info ok
