0 verbose cli /home/ubuntu/.nvm/versions/node/v16.20.2/bin/node /home/ubuntu/.nvm/versions/node/v16.20.2/bin/npm
1 info using npm@8.19.4
2 info using node@v16.20.2
3 timing npm:load:whichnode Completed in 1ms
4 timing config:load:defaults Completed in 5ms
5 timing config:load:file:/home/ubuntu/.nvm/versions/node/v16.20.2/lib/node_modules/npm/npmrc Completed in 1ms
6 timing config:load:builtin Completed in 1ms
7 timing config:load:cli Completed in 2ms
8 timing config:load:env Completed in 1ms
9 timing config:load:file:/home/ubuntu/test_mohamed/.npmrc Completed in 0ms
10 timing config:load:project Completed in 16ms
11 timing config:load:file:/home/ubuntu/.npmrc Completed in 0ms
12 timing config:load:user Completed in 0ms
13 timing config:load:file:/home/ubuntu/.nvm/versions/node/v16.20.2/etc/npmrc Completed in 0ms
14 timing config:load:global Completed in 0ms
15 timing config:load:validate Completed in 0ms
16 timing config:load:credentials Completed in 2ms
17 timing config:load:setEnvs Completed in 1ms
18 timing config:load Completed in 29ms
19 timing npm:load:configload Completed in 29ms
20 timing npm:load:mkdirpcache Completed in 5ms
21 timing npm:load:mkdirplogs Completed in 0ms
22 verbose title npm install playwright
23 verbose argv "install" "playwright"
24 timing npm:load:setTitle Completed in 1ms
25 timing config:load:flatten Completed in 4ms
26 timing npm:load:display Completed in 6ms
27 verbose logfile logs-max:10 dir:/home/ubuntu/.npm/_logs
28 verbose logfile /home/ubuntu/.npm/_logs/2024-05-12T08_43_40_222Z-debug-0.log
29 timing npm:load:logFile Completed in 6ms
30 timing npm:load:timers Completed in 0ms
31 timing npm:load:configScope Completed in 0ms
32 timing npm:load Completed in 49ms
33 timing arborist:ctor Completed in 1ms
34 silly logfile done cleaning log files
35 verbose shrinkwrap failed to load node_modules/.package-lock.json out of date, updated: node_modules
36 timing idealTree:init Completed in 24ms
37 warn old lockfile
37 warn old lockfile The package-lock.json file was created with an old version of npm,
37 warn old lockfile so supplemental metadata must be fetched from the registry.
37 warn old lockfile
37 warn old lockfile This is a one-time fix-up, please be patient...
37 warn old lockfile
38 silly inflate node_modules/fsevents
39 silly inflate node_modules/playwright
40 http fetch GET 200 https://registry.npmjs.org/fsevents 38ms (cache hit)
41 silly inflate node_modules/playwright-core
42 http fetch GET 200 https://registry.npmjs.org/playwright 62ms (cache hit)
43 http fetch GET 200 https://registry.npmjs.org/playwright-core 165ms (cache hit)
44 timing idealTree:inflate Completed in 252ms
45 timing idealTree:userRequests Completed in 2ms
46 silly idealTree buildDeps
47 silly fetch manifest playwright@^1.44.0
48 silly placeDep ROOT playwright@1.44.0 REPLACE for:  want: ^1.44.0
49 timing idealTree:#root Completed in 8ms
50 timing idealTree:node_modules/playwright Completed in 0ms
51 timing idealTree:buildDeps Completed in 9ms
52 timing idealTree:fixDepFlags Completed in 1ms
53 timing idealTree Completed in 288ms
54 timing reify:loadTrees Completed in 289ms
55 timing reify:diffTrees Completed in 2ms
56 silly reify moves {}
57 timing reify:retireShallow Completed in 1ms
58 timing reify:createSparse Completed in 2ms
59 timing reify:loadBundles Completed in 0ms
60 silly audit bulk request {
60 silly audit   fsevents: [ '2.3.2' ],
60 silly audit   'playwright-core': [ '1.44.0' ],
60 silly audit   playwright: [ '1.44.0' ]
60 silly audit }
61 verbose reify failed optional dependency /home/ubuntu/test_mohamed/node_modules/fsevents
62 silly reify mark deleted [ '/home/ubuntu/test_mohamed/node_modules/fsevents' ]
63 timing reifyNode:node_modules/fsevents Completed in 22ms
64 timing reify:unpack Completed in 22ms
65 timing reify:unretire Completed in 0ms
66 timing build:queue Completed in 7ms
67 timing build:deps Completed in 8ms
68 timing build Completed in 8ms
69 timing reify:build Completed in 8ms
70 timing reify:trash Completed in 1ms
71 timing reify:save Completed in 7ms
72 http fetch POST 200 https://registry.npmjs.org/-/npm/v1/security/advisories/bulk 255ms
73 timing auditReport:getReport Completed in 257ms
74 silly audit report {}
75 timing auditReport:init Completed in 0ms
76 timing reify:audit Completed in 258ms
77 timing reify Completed in 564ms
78 silly ADD
79 timing command:install Completed in 572ms
80 verbose exit 0
81 timing npm Completed in 716ms
82 info ok
