[2024-08-22T14:22:42.451+0000] {taskinstance.py:1956} INFO - Dependencies all met for dep_context=non-requeueable deps ti=<TaskInstance: json_FT_processing_pipeline_03.new_json_file_sensor manual__2024-08-22T14:22:40.864002+00:00 [queued]>
[2024-08-22T14:22:42.460+0000] {taskinstance.py:1956} INFO - Dependencies all met for dep_context=requeueable deps ti=<TaskInstance: json_FT_processing_pipeline_03.new_json_file_sensor manual__2024-08-22T14:22:40.864002+00:00 [queued]>
[2024-08-22T14:22:42.461+0000] {taskinstance.py:2170} INFO - Starting attempt 1 of 61
[2024-08-22T14:22:42.472+0000] {taskinstance.py:2191} INFO - Executing <Task(FileSensor): new_json_file_sensor> on 2024-08-22 14:22:40.864002+00:00
[2024-08-22T14:22:42.478+0000] {standard_task_runner.py:60} INFO - Started process 13567 to run task
[2024-08-22T14:22:42.481+0000] {standard_task_runner.py:87} INFO - Running: ['***', 'tasks', 'run', 'json_FT_processing_pipeline_03', 'new_json_file_sensor', 'manual__2024-08-22T14:22:40.864002+00:00', '--job-id', '2', '--raw', '--subdir', 'DAGS_FOLDER/FranceTravail_pipeline_dag03.py', '--cfg-path', '/tmp/tmpmhqcfksi']
[2024-08-22T14:22:42.482+0000] {standard_task_runner.py:88} INFO - Job 2: Subtask new_json_file_sensor
[2024-08-22T14:22:42.502+0000] {warnings.py:109} WARNING - /home/***/.local/lib/python3.8/site-packages/***/settings.py:194: DeprecationWarning: The sql_alchemy_conn option in [core] has been moved to the sql_alchemy_conn option in [database] - the old setting has been used, but please update your config.
  SQL_ALCHEMY_CONN = conf.get("database", "SQL_ALCHEMY_CONN")

[2024-08-22T14:22:42.542+0000] {task_command.py:423} INFO - Running <TaskInstance: json_FT_processing_pipeline_03.new_json_file_sensor manual__2024-08-22T14:22:40.864002+00:00 [running]> on host f25666c00f72
[2024-08-22T14:22:42.618+0000] {taskinstance.py:2480} INFO - Exporting env vars: AIRFLOW_CTX_DAG_OWNER='***' AIRFLOW_CTX_DAG_ID='json_FT_processing_pipeline_03' AIRFLOW_CTX_TASK_ID='new_json_file_sensor' AIRFLOW_CTX_EXECUTION_DATE='2024-08-22T14:22:40.864002+00:00' AIRFLOW_CTX_TRY_NUMBER='1' AIRFLOW_CTX_DAG_RUN_ID='manual__2024-08-22T14:22:40.864002+00:00'
[2024-08-22T14:22:42.637+0000] {taskinstance.py:2698} ERROR - Task failed with exception
Traceback (most recent call last):
  File "/home/airflow/.local/lib/python3.8/site-packages/airflow/models/taskinstance.py", line 433, in _execute_task
    result = execute_callable(context=context, **execute_callable_kwargs)
  File "/home/airflow/.local/lib/python3.8/site-packages/airflow/sensors/base.py", line 265, in execute
    raise e
  File "/home/airflow/.local/lib/python3.8/site-packages/airflow/sensors/base.py", line 247, in execute
    poke_return = self.poke(context)
  File "/home/airflow/.local/lib/python3.8/site-packages/airflow/sensors/filesystem.py", line 63, in poke
    hook = FSHook(self.fs_conn_id)
  File "/home/airflow/.local/lib/python3.8/site-packages/airflow/hooks/filesystem.py", line 64, in __init__
    conn = self.get_connection(fs_conn_id)
  File "/home/airflow/.local/lib/python3.8/site-packages/airflow/hooks/base.py", line 82, in get_connection
    conn = Connection.get_connection_from_secrets(conn_id)
  File "/home/airflow/.local/lib/python3.8/site-packages/airflow/models/connection.py", line 479, in get_connection_from_secrets
    raise AirflowNotFoundException(f"The conn_id `{conn_id}` isn't defined")
airflow.exceptions.AirflowNotFoundException: The conn_id `fs_jobmarket` isn't defined
[2024-08-22T14:22:42.645+0000] {taskinstance.py:1138} INFO - Marking task as UP_FOR_RETRY. dag_id=json_FT_processing_pipeline_03, task_id=new_json_file_sensor, execution_date=20240822T142240, start_date=20240822T142242, end_date=20240822T142242
[2024-08-22T14:22:42.661+0000] {standard_task_runner.py:107} ERROR - Failed to execute job 2 for task new_json_file_sensor (The conn_id `fs_jobmarket` isn't defined; 13567)
[2024-08-22T14:22:42.696+0000] {local_task_job_runner.py:234} INFO - Task exited with return code 1
[2024-08-22T14:22:42.720+0000] {taskinstance.py:3280} INFO - 0 downstream tasks scheduled from follow-on schedule check
