[2024-08-24T08:00:01.243+0000] {taskinstance.py:1956} INFO - Dependencies all met for dep_context=non-requeueable deps ti=<TaskInstance: json_FT_processing_pipeline_03.new_json_file_sensor scheduled__2024-08-23T08:00:00+00:00 [queued]>
[2024-08-24T08:00:01.251+0000] {taskinstance.py:1956} INFO - Dependencies all met for dep_context=requeueable deps ti=<TaskInstance: json_FT_processing_pipeline_03.new_json_file_sensor scheduled__2024-08-23T08:00:00+00:00 [queued]>
[2024-08-24T08:00:01.251+0000] {taskinstance.py:2170} INFO - Starting attempt 1 of 61
[2024-08-24T08:00:01.265+0000] {taskinstance.py:2191} INFO - Executing <Task(FileSensor): new_json_file_sensor> on 2024-08-23 08:00:00+00:00
[2024-08-24T08:00:01.270+0000] {standard_task_runner.py:60} INFO - Started process 4734 to run task
[2024-08-24T08:00:01.273+0000] {standard_task_runner.py:87} INFO - Running: ['***', 'tasks', 'run', 'json_FT_processing_pipeline_03', 'new_json_file_sensor', 'scheduled__2024-08-23T08:00:00+00:00', '--job-id', '43', '--raw', '--subdir', 'DAGS_FOLDER/FranceTravail_pipeline_dag03.py', '--cfg-path', '/tmp/tmpv3387s4u']
[2024-08-24T08:00:01.274+0000] {standard_task_runner.py:88} INFO - Job 43: Subtask new_json_file_sensor
[2024-08-24T08:00:01.288+0000] {warnings.py:109} WARNING - /home/***/.local/lib/python3.8/site-packages/***/settings.py:194: DeprecationWarning: The sql_alchemy_conn option in [core] has been moved to the sql_alchemy_conn option in [database] - the old setting has been used, but please update your config.
  SQL_ALCHEMY_CONN = conf.get("database", "SQL_ALCHEMY_CONN")

[2024-08-24T08:00:01.323+0000] {task_command.py:423} INFO - Running <TaskInstance: json_FT_processing_pipeline_03.new_json_file_sensor scheduled__2024-08-23T08:00:00+00:00 [running]> on host 9e648299db30
[2024-08-24T08:00:01.400+0000] {taskinstance.py:2480} INFO - Exporting env vars: AIRFLOW_CTX_DAG_OWNER='***' AIRFLOW_CTX_DAG_ID='json_FT_processing_pipeline_03' AIRFLOW_CTX_TASK_ID='new_json_file_sensor' AIRFLOW_CTX_EXECUTION_DATE='2024-08-23T08:00:00+00:00' AIRFLOW_CTX_TRY_NUMBER='1' AIRFLOW_CTX_DAG_RUN_ID='scheduled__2024-08-23T08:00:00+00:00'
[2024-08-24T08:00:01.411+0000] {base.py:83} INFO - Using connection ID 'fs_jobmarket' for task execution.
[2024-08-24T08:00:01.411+0000] {filesystem.py:66} INFO - Poking for file /opt/***/ETL/Json_temp
[2024-08-24T08:00:11.427+0000] {base.py:83} INFO - Using connection ID 'fs_jobmarket' for task execution.
[2024-08-24T08:00:11.427+0000] {filesystem.py:66} INFO - Poking for file /opt/***/ETL/Json_temp
[2024-08-24T08:00:21.446+0000] {base.py:83} INFO - Using connection ID 'fs_jobmarket' for task execution.
[2024-08-24T08:00:21.446+0000] {filesystem.py:66} INFO - Poking for file /opt/***/ETL/Json_temp
[2024-08-24T08:00:31.461+0000] {base.py:83} INFO - Using connection ID 'fs_jobmarket' for task execution.
[2024-08-24T08:00:31.462+0000] {filesystem.py:66} INFO - Poking for file /opt/***/ETL/Json_temp
[2024-08-24T08:00:41.479+0000] {base.py:83} INFO - Using connection ID 'fs_jobmarket' for task execution.
[2024-08-24T08:00:41.479+0000] {filesystem.py:66} INFO - Poking for file /opt/***/ETL/Json_temp
[2024-08-24T08:00:51.498+0000] {base.py:83} INFO - Using connection ID 'fs_jobmarket' for task execution.
[2024-08-24T08:00:51.499+0000] {filesystem.py:66} INFO - Poking for file /opt/***/ETL/Json_temp
[2024-08-24T08:01:01.516+0000] {base.py:83} INFO - Using connection ID 'fs_jobmarket' for task execution.
[2024-08-24T08:01:01.516+0000] {filesystem.py:66} INFO - Poking for file /opt/***/ETL/Json_temp
[2024-08-24T08:01:11.526+0000] {base.py:83} INFO - Using connection ID 'fs_jobmarket' for task execution.
[2024-08-24T08:01:11.527+0000] {filesystem.py:66} INFO - Poking for file /opt/***/ETL/Json_temp
[2024-08-24T08:01:21.543+0000] {base.py:83} INFO - Using connection ID 'fs_jobmarket' for task execution.
[2024-08-24T08:01:21.544+0000] {filesystem.py:66} INFO - Poking for file /opt/***/ETL/Json_temp
[2024-08-24T08:01:31.557+0000] {base.py:83} INFO - Using connection ID 'fs_jobmarket' for task execution.
[2024-08-24T08:01:31.557+0000] {filesystem.py:66} INFO - Poking for file /opt/***/ETL/Json_temp
[2024-08-24T08:01:41.574+0000] {base.py:83} INFO - Using connection ID 'fs_jobmarket' for task execution.
[2024-08-24T08:01:41.575+0000] {filesystem.py:66} INFO - Poking for file /opt/***/ETL/Json_temp
[2024-08-24T08:01:51.582+0000] {base.py:83} INFO - Using connection ID 'fs_jobmarket' for task execution.
[2024-08-24T08:01:51.583+0000] {filesystem.py:66} INFO - Poking for file /opt/***/ETL/Json_temp
[2024-08-24T08:02:01.599+0000] {base.py:83} INFO - Using connection ID 'fs_jobmarket' for task execution.
[2024-08-24T08:02:01.599+0000] {filesystem.py:66} INFO - Poking for file /opt/***/ETL/Json_temp
[2024-08-24T08:02:11.614+0000] {base.py:83} INFO - Using connection ID 'fs_jobmarket' for task execution.
[2024-08-24T08:02:11.614+0000] {filesystem.py:66} INFO - Poking for file /opt/***/ETL/Json_temp
[2024-08-24T08:02:21.633+0000] {base.py:83} INFO - Using connection ID 'fs_jobmarket' for task execution.
[2024-08-24T08:02:21.633+0000] {filesystem.py:66} INFO - Poking for file /opt/***/ETL/Json_temp
[2024-08-24T08:02:31.652+0000] {base.py:83} INFO - Using connection ID 'fs_jobmarket' for task execution.
[2024-08-24T08:02:31.653+0000] {filesystem.py:66} INFO - Poking for file /opt/***/ETL/Json_temp
[2024-08-24T08:02:41.671+0000] {base.py:83} INFO - Using connection ID 'fs_jobmarket' for task execution.
[2024-08-24T08:02:41.671+0000] {filesystem.py:66} INFO - Poking for file /opt/***/ETL/Json_temp
[2024-08-24T08:02:51.688+0000] {base.py:83} INFO - Using connection ID 'fs_jobmarket' for task execution.
[2024-08-24T08:02:51.689+0000] {filesystem.py:66} INFO - Poking for file /opt/***/ETL/Json_temp
[2024-08-24T08:03:01.707+0000] {base.py:83} INFO - Using connection ID 'fs_jobmarket' for task execution.
[2024-08-24T08:03:01.707+0000] {filesystem.py:66} INFO - Poking for file /opt/***/ETL/Json_temp
[2024-08-24T08:03:11.722+0000] {base.py:83} INFO - Using connection ID 'fs_jobmarket' for task execution.
[2024-08-24T08:03:11.722+0000] {filesystem.py:66} INFO - Poking for file /opt/***/ETL/Json_temp
[2024-08-24T08:03:21.740+0000] {base.py:83} INFO - Using connection ID 'fs_jobmarket' for task execution.
[2024-08-24T08:03:21.740+0000] {filesystem.py:66} INFO - Poking for file /opt/***/ETL/Json_temp
[2024-08-24T08:03:31.754+0000] {base.py:83} INFO - Using connection ID 'fs_jobmarket' for task execution.
[2024-08-24T08:03:31.755+0000] {filesystem.py:66} INFO - Poking for file /opt/***/ETL/Json_temp
[2024-08-24T08:03:41.770+0000] {base.py:83} INFO - Using connection ID 'fs_jobmarket' for task execution.
[2024-08-24T08:03:41.770+0000] {filesystem.py:66} INFO - Poking for file /opt/***/ETL/Json_temp
[2024-08-24T08:03:51.788+0000] {base.py:83} INFO - Using connection ID 'fs_jobmarket' for task execution.
[2024-08-24T08:03:51.789+0000] {filesystem.py:66} INFO - Poking for file /opt/***/ETL/Json_temp
[2024-08-24T08:04:01.807+0000] {base.py:83} INFO - Using connection ID 'fs_jobmarket' for task execution.
[2024-08-24T08:04:01.807+0000] {filesystem.py:66} INFO - Poking for file /opt/***/ETL/Json_temp
[2024-08-24T08:04:11.822+0000] {base.py:83} INFO - Using connection ID 'fs_jobmarket' for task execution.
[2024-08-24T08:04:11.822+0000] {filesystem.py:66} INFO - Poking for file /opt/***/ETL/Json_temp
[2024-08-24T08:04:21.836+0000] {base.py:83} INFO - Using connection ID 'fs_jobmarket' for task execution.
[2024-08-24T08:04:21.836+0000] {filesystem.py:66} INFO - Poking for file /opt/***/ETL/Json_temp
[2024-08-24T08:04:31.855+0000] {base.py:83} INFO - Using connection ID 'fs_jobmarket' for task execution.
[2024-08-24T08:04:31.855+0000] {filesystem.py:66} INFO - Poking for file /opt/***/ETL/Json_temp
[2024-08-24T08:04:41.872+0000] {base.py:83} INFO - Using connection ID 'fs_jobmarket' for task execution.
[2024-08-24T08:04:41.872+0000] {filesystem.py:66} INFO - Poking for file /opt/***/ETL/Json_temp
[2024-08-24T08:04:51.886+0000] {base.py:83} INFO - Using connection ID 'fs_jobmarket' for task execution.
[2024-08-24T08:04:51.887+0000] {filesystem.py:66} INFO - Poking for file /opt/***/ETL/Json_temp
[2024-08-24T08:05:01.898+0000] {base.py:83} INFO - Using connection ID 'fs_jobmarket' for task execution.
[2024-08-24T08:05:01.898+0000] {filesystem.py:66} INFO - Poking for file /opt/***/ETL/Json_temp
[2024-08-24T08:05:11.916+0000] {base.py:83} INFO - Using connection ID 'fs_jobmarket' for task execution.
[2024-08-24T08:05:11.916+0000] {filesystem.py:66} INFO - Poking for file /opt/***/ETL/Json_temp
[2024-08-24T08:05:21.930+0000] {base.py:83} INFO - Using connection ID 'fs_jobmarket' for task execution.
[2024-08-24T08:05:21.930+0000] {filesystem.py:66} INFO - Poking for file /opt/***/ETL/Json_temp
[2024-08-24T08:05:31.946+0000] {base.py:83} INFO - Using connection ID 'fs_jobmarket' for task execution.
[2024-08-24T08:05:31.947+0000] {filesystem.py:66} INFO - Poking for file /opt/***/ETL/Json_temp
[2024-08-24T08:05:41.963+0000] {base.py:83} INFO - Using connection ID 'fs_jobmarket' for task execution.
[2024-08-24T08:05:41.964+0000] {filesystem.py:66} INFO - Poking for file /opt/***/ETL/Json_temp
[2024-08-24T08:05:51.982+0000] {base.py:83} INFO - Using connection ID 'fs_jobmarket' for task execution.
[2024-08-24T08:05:51.982+0000] {filesystem.py:66} INFO - Poking for file /opt/***/ETL/Json_temp
[2024-08-24T08:06:01.998+0000] {base.py:83} INFO - Using connection ID 'fs_jobmarket' for task execution.
[2024-08-24T08:06:01.999+0000] {filesystem.py:66} INFO - Poking for file /opt/***/ETL/Json_temp
[2024-08-24T08:06:12.011+0000] {base.py:83} INFO - Using connection ID 'fs_jobmarket' for task execution.
[2024-08-24T08:06:12.011+0000] {filesystem.py:66} INFO - Poking for file /opt/***/ETL/Json_temp
[2024-08-24T08:06:22.030+0000] {base.py:83} INFO - Using connection ID 'fs_jobmarket' for task execution.
[2024-08-24T08:06:22.030+0000] {filesystem.py:66} INFO - Poking for file /opt/***/ETL/Json_temp
[2024-08-24T08:06:32.049+0000] {base.py:83} INFO - Using connection ID 'fs_jobmarket' for task execution.
[2024-08-24T08:06:32.049+0000] {filesystem.py:66} INFO - Poking for file /opt/***/ETL/Json_temp
[2024-08-24T08:06:42.066+0000] {base.py:83} INFO - Using connection ID 'fs_jobmarket' for task execution.
[2024-08-24T08:06:42.066+0000] {filesystem.py:66} INFO - Poking for file /opt/***/ETL/Json_temp
[2024-08-24T08:06:52.083+0000] {base.py:83} INFO - Using connection ID 'fs_jobmarket' for task execution.
[2024-08-24T08:06:52.083+0000] {filesystem.py:66} INFO - Poking for file /opt/***/ETL/Json_temp
[2024-08-24T08:07:02.099+0000] {base.py:83} INFO - Using connection ID 'fs_jobmarket' for task execution.
[2024-08-24T08:07:02.099+0000] {filesystem.py:66} INFO - Poking for file /opt/***/ETL/Json_temp
[2024-08-24T08:07:12.114+0000] {base.py:83} INFO - Using connection ID 'fs_jobmarket' for task execution.
[2024-08-24T08:07:12.115+0000] {filesystem.py:66} INFO - Poking for file /opt/***/ETL/Json_temp
[2024-08-24T08:07:22.133+0000] {base.py:83} INFO - Using connection ID 'fs_jobmarket' for task execution.
[2024-08-24T08:07:22.133+0000] {filesystem.py:66} INFO - Poking for file /opt/***/ETL/Json_temp
[2024-08-24T08:07:32.152+0000] {base.py:83} INFO - Using connection ID 'fs_jobmarket' for task execution.
[2024-08-24T08:07:32.152+0000] {filesystem.py:66} INFO - Poking for file /opt/***/ETL/Json_temp
[2024-08-24T08:07:42.172+0000] {base.py:83} INFO - Using connection ID 'fs_jobmarket' for task execution.
[2024-08-24T08:07:42.172+0000] {filesystem.py:66} INFO - Poking for file /opt/***/ETL/Json_temp
[2024-08-24T08:07:52.190+0000] {base.py:83} INFO - Using connection ID 'fs_jobmarket' for task execution.
[2024-08-24T08:07:52.191+0000] {filesystem.py:66} INFO - Poking for file /opt/***/ETL/Json_temp
[2024-08-24T08:08:02.210+0000] {base.py:83} INFO - Using connection ID 'fs_jobmarket' for task execution.
[2024-08-24T08:08:02.210+0000] {filesystem.py:66} INFO - Poking for file /opt/***/ETL/Json_temp
[2024-08-24T08:08:12.228+0000] {base.py:83} INFO - Using connection ID 'fs_jobmarket' for task execution.
[2024-08-24T08:08:12.228+0000] {filesystem.py:66} INFO - Poking for file /opt/***/ETL/Json_temp
[2024-08-24T08:08:22.245+0000] {base.py:83} INFO - Using connection ID 'fs_jobmarket' for task execution.
[2024-08-24T08:08:22.246+0000] {filesystem.py:66} INFO - Poking for file /opt/***/ETL/Json_temp
[2024-08-24T08:08:32.265+0000] {base.py:83} INFO - Using connection ID 'fs_jobmarket' for task execution.
[2024-08-24T08:08:32.265+0000] {filesystem.py:66} INFO - Poking for file /opt/***/ETL/Json_temp
[2024-08-24T08:08:42.280+0000] {base.py:83} INFO - Using connection ID 'fs_jobmarket' for task execution.
[2024-08-24T08:08:42.281+0000] {filesystem.py:66} INFO - Poking for file /opt/***/ETL/Json_temp
[2024-08-24T08:08:52.290+0000] {base.py:83} INFO - Using connection ID 'fs_jobmarket' for task execution.
[2024-08-24T08:08:52.291+0000] {filesystem.py:66} INFO - Poking for file /opt/***/ETL/Json_temp
[2024-08-24T08:09:02.307+0000] {base.py:83} INFO - Using connection ID 'fs_jobmarket' for task execution.
[2024-08-24T08:09:02.308+0000] {filesystem.py:66} INFO - Poking for file /opt/***/ETL/Json_temp
[2024-08-24T08:09:12.326+0000] {base.py:83} INFO - Using connection ID 'fs_jobmarket' for task execution.
[2024-08-24T08:09:12.326+0000] {filesystem.py:66} INFO - Poking for file /opt/***/ETL/Json_temp
[2024-08-24T08:09:22.342+0000] {base.py:83} INFO - Using connection ID 'fs_jobmarket' for task execution.
[2024-08-24T08:09:22.342+0000] {filesystem.py:66} INFO - Poking for file /opt/***/ETL/Json_temp
[2024-08-24T08:09:32.353+0000] {base.py:83} INFO - Using connection ID 'fs_jobmarket' for task execution.
[2024-08-24T08:09:32.353+0000] {filesystem.py:66} INFO - Poking for file /opt/***/ETL/Json_temp
[2024-08-24T08:09:42.370+0000] {base.py:83} INFO - Using connection ID 'fs_jobmarket' for task execution.
[2024-08-24T08:09:42.370+0000] {filesystem.py:66} INFO - Poking for file /opt/***/ETL/Json_temp
[2024-08-24T08:09:52.383+0000] {base.py:83} INFO - Using connection ID 'fs_jobmarket' for task execution.
[2024-08-24T08:09:52.383+0000] {filesystem.py:66} INFO - Poking for file /opt/***/ETL/Json_temp
[2024-08-24T08:10:02.398+0000] {base.py:83} INFO - Using connection ID 'fs_jobmarket' for task execution.
[2024-08-24T08:10:02.398+0000] {filesystem.py:66} INFO - Poking for file /opt/***/ETL/Json_temp
[2024-08-24T08:10:02.398+0000] {taskinstance.py:2698} ERROR - Task failed with exception
Traceback (most recent call last):
  File "/home/airflow/.local/lib/python3.8/site-packages/airflow/models/taskinstance.py", line 433, in _execute_task
    result = execute_callable(context=context, **execute_callable_kwargs)
  File "/home/airflow/.local/lib/python3.8/site-packages/airflow/sensors/base.py", line 282, in execute
    raise AirflowSensorTimeout(message)
airflow.exceptions.AirflowSensorTimeout: Sensor has timed out; run duration of 600.9976467840024 seconds exceeds the specified timeout of 600.0.
[2024-08-24T08:10:02.407+0000] {taskinstance.py:1138} INFO - Immediate failure requested. Marking task as FAILED. dag_id=json_FT_processing_pipeline_03, task_id=new_json_file_sensor, execution_date=20240823T080000, start_date=20240824T080001, end_date=20240824T081002
[2024-08-24T08:10:02.421+0000] {standard_task_runner.py:107} ERROR - Failed to execute job 43 for task new_json_file_sensor (Sensor has timed out; run duration of 600.9976467840024 seconds exceeds the specified timeout of 600.0.; 4734)
[2024-08-24T08:10:02.441+0000] {local_task_job_runner.py:234} INFO - Task exited with return code 1
[2024-08-24T08:10:02.469+0000] {taskinstance.py:3280} INFO - 0 downstream tasks scheduled from follow-on schedule check
[2024-08-25T02:57:15.240+0000] {taskinstance.py:1956} INFO - Dependencies all met for dep_context=non-requeueable deps ti=<TaskInstance: json_FT_processing_pipeline_03.new_json_file_sensor scheduled__2024-08-23T08:00:00+00:00 [queued]>
[2024-08-25T02:57:15.253+0000] {taskinstance.py:1956} INFO - Dependencies all met for dep_context=requeueable deps ti=<TaskInstance: json_FT_processing_pipeline_03.new_json_file_sensor scheduled__2024-08-23T08:00:00+00:00 [queued]>
[2024-08-25T02:57:15.253+0000] {taskinstance.py:2170} INFO - Starting attempt 1 of 61
[2024-08-25T02:57:15.267+0000] {taskinstance.py:2191} INFO - Executing <Task(FileSensor): new_json_file_sensor> on 2024-08-23 08:00:00+00:00
[2024-08-25T02:57:15.273+0000] {standard_task_runner.py:60} INFO - Started process 48718 to run task
[2024-08-25T02:57:15.280+0000] {standard_task_runner.py:87} INFO - Running: ['***', 'tasks', 'run', 'json_FT_processing_pipeline_03', 'new_json_file_sensor', 'scheduled__2024-08-23T08:00:00+00:00', '--job-id', '51', '--raw', '--subdir', 'DAGS_FOLDER/FranceTravail_pipeline_dag03.py', '--cfg-path', '/tmp/tmpg76wbpw1']
[2024-08-25T02:57:15.281+0000] {standard_task_runner.py:88} INFO - Job 51: Subtask new_json_file_sensor
[2024-08-25T02:57:15.298+0000] {warnings.py:109} WARNING - /home/***/.local/lib/python3.8/site-packages/***/settings.py:194: DeprecationWarning: The sql_alchemy_conn option in [core] has been moved to the sql_alchemy_conn option in [database] - the old setting has been used, but please update your config.
  SQL_ALCHEMY_CONN = conf.get("database", "SQL_ALCHEMY_CONN")

[2024-08-25T02:57:15.332+0000] {task_command.py:423} INFO - Running <TaskInstance: json_FT_processing_pipeline_03.new_json_file_sensor scheduled__2024-08-23T08:00:00+00:00 [running]> on host 9e648299db30
[2024-08-25T02:57:15.415+0000] {taskinstance.py:2480} INFO - Exporting env vars: AIRFLOW_CTX_DAG_OWNER='***' AIRFLOW_CTX_DAG_ID='json_FT_processing_pipeline_03' AIRFLOW_CTX_TASK_ID='new_json_file_sensor' AIRFLOW_CTX_EXECUTION_DATE='2024-08-23T08:00:00+00:00' AIRFLOW_CTX_TRY_NUMBER='1' AIRFLOW_CTX_DAG_RUN_ID='scheduled__2024-08-23T08:00:00+00:00'
[2024-08-25T02:57:15.425+0000] {base.py:83} INFO - Using connection ID 'fs_jobmarket' for task execution.
[2024-08-25T02:57:15.425+0000] {filesystem.py:66} INFO - Poking for file /opt/***/ETL/Json_temp
[2024-08-25T02:57:25.442+0000] {base.py:83} INFO - Using connection ID 'fs_jobmarket' for task execution.
[2024-08-25T02:57:25.443+0000] {filesystem.py:66} INFO - Poking for file /opt/***/ETL/Json_temp
[2024-08-25T02:57:35.459+0000] {base.py:83} INFO - Using connection ID 'fs_jobmarket' for task execution.
[2024-08-25T02:57:35.460+0000] {filesystem.py:66} INFO - Poking for file /opt/***/ETL/Json_temp
[2024-08-25T02:57:45.475+0000] {base.py:83} INFO - Using connection ID 'fs_jobmarket' for task execution.
[2024-08-25T02:57:45.475+0000] {filesystem.py:66} INFO - Poking for file /opt/***/ETL/Json_temp
[2024-08-25T02:57:55.490+0000] {base.py:83} INFO - Using connection ID 'fs_jobmarket' for task execution.
[2024-08-25T02:57:55.491+0000] {filesystem.py:66} INFO - Poking for file /opt/***/ETL/Json_temp
[2024-08-25T02:58:05.507+0000] {base.py:83} INFO - Using connection ID 'fs_jobmarket' for task execution.
[2024-08-25T02:58:05.507+0000] {filesystem.py:66} INFO - Poking for file /opt/***/ETL/Json_temp
[2024-08-25T02:58:15.522+0000] {base.py:83} INFO - Using connection ID 'fs_jobmarket' for task execution.
[2024-08-25T02:58:15.522+0000] {filesystem.py:66} INFO - Poking for file /opt/***/ETL/Json_temp
[2024-08-25T02:58:25.540+0000] {base.py:83} INFO - Using connection ID 'fs_jobmarket' for task execution.
[2024-08-25T02:58:25.540+0000] {filesystem.py:66} INFO - Poking for file /opt/***/ETL/Json_temp
[2024-08-25T02:58:35.556+0000] {base.py:83} INFO - Using connection ID 'fs_jobmarket' for task execution.
[2024-08-25T02:58:35.557+0000] {filesystem.py:66} INFO - Poking for file /opt/***/ETL/Json_temp
[2024-08-25T02:58:45.572+0000] {base.py:83} INFO - Using connection ID 'fs_jobmarket' for task execution.
[2024-08-25T02:58:45.573+0000] {filesystem.py:66} INFO - Poking for file /opt/***/ETL/Json_temp
[2024-08-25T02:58:55.590+0000] {base.py:83} INFO - Using connection ID 'fs_jobmarket' for task execution.
[2024-08-25T02:58:55.590+0000] {filesystem.py:66} INFO - Poking for file /opt/***/ETL/Json_temp
[2024-08-25T02:59:05.606+0000] {base.py:83} INFO - Using connection ID 'fs_jobmarket' for task execution.
[2024-08-25T02:59:05.607+0000] {filesystem.py:66} INFO - Poking for file /opt/***/ETL/Json_temp
[2024-08-25T02:59:15.624+0000] {base.py:83} INFO - Using connection ID 'fs_jobmarket' for task execution.
[2024-08-25T02:59:15.625+0000] {filesystem.py:66} INFO - Poking for file /opt/***/ETL/Json_temp
[2024-08-25T02:59:25.641+0000] {base.py:83} INFO - Using connection ID 'fs_jobmarket' for task execution.
[2024-08-25T02:59:25.641+0000] {filesystem.py:66} INFO - Poking for file /opt/***/ETL/Json_temp
[2024-08-25T02:59:35.658+0000] {base.py:83} INFO - Using connection ID 'fs_jobmarket' for task execution.
[2024-08-25T02:59:35.659+0000] {filesystem.py:66} INFO - Poking for file /opt/***/ETL/Json_temp
[2024-08-25T02:59:45.674+0000] {base.py:83} INFO - Using connection ID 'fs_jobmarket' for task execution.
[2024-08-25T02:59:45.675+0000] {filesystem.py:66} INFO - Poking for file /opt/***/ETL/Json_temp
[2024-08-25T02:59:55.691+0000] {base.py:83} INFO - Using connection ID 'fs_jobmarket' for task execution.
[2024-08-25T02:59:55.691+0000] {filesystem.py:66} INFO - Poking for file /opt/***/ETL/Json_temp
[2024-08-25T03:00:05.707+0000] {base.py:83} INFO - Using connection ID 'fs_jobmarket' for task execution.
[2024-08-25T03:00:05.709+0000] {filesystem.py:66} INFO - Poking for file /opt/***/ETL/Json_temp
[2024-08-25T03:00:15.728+0000] {base.py:83} INFO - Using connection ID 'fs_jobmarket' for task execution.
[2024-08-25T03:00:15.728+0000] {filesystem.py:66} INFO - Poking for file /opt/***/ETL/Json_temp
[2024-08-25T03:00:25.743+0000] {base.py:83} INFO - Using connection ID 'fs_jobmarket' for task execution.
[2024-08-25T03:00:25.743+0000] {filesystem.py:66} INFO - Poking for file /opt/***/ETL/Json_temp
[2024-08-25T03:00:25.743+0000] {base.py:295} INFO - Success criteria met. Exiting.
[2024-08-25T03:00:25.752+0000] {taskinstance.py:1138} INFO - Marking task as SUCCESS. dag_id=json_FT_processing_pipeline_03, task_id=new_json_file_sensor, execution_date=20240823T080000, start_date=20240825T025715, end_date=20240825T030025
[2024-08-25T03:00:25.778+0000] {local_task_job_runner.py:234} INFO - Task exited with return code 0
[2024-08-25T03:00:25.806+0000] {taskinstance.py:3280} INFO - 0 downstream tasks scheduled from follow-on schedule check
