[2024-08-23T08:00:00.624+0000] {taskinstance.py:1956} INFO - Dependencies all met for dep_context=non-requeueable deps ti=<TaskInstance: json_FT_processing_pipeline_03.new_json_file_sensor scheduled__2024-08-22T08:00:00+00:00 [queued]>
[2024-08-23T08:00:00.634+0000] {taskinstance.py:1956} INFO - Dependencies all met for dep_context=requeueable deps ti=<TaskInstance: json_FT_processing_pipeline_03.new_json_file_sensor scheduled__2024-08-22T08:00:00+00:00 [queued]>
[2024-08-23T08:00:00.634+0000] {taskinstance.py:2170} INFO - Starting attempt 1 of 61
[2024-08-23T08:00:00.646+0000] {taskinstance.py:2191} INFO - Executing <Task(FileSensor): new_json_file_sensor> on 2024-08-22 08:00:00+00:00
[2024-08-23T08:00:00.651+0000] {standard_task_runner.py:60} INFO - Started process 2950 to run task
[2024-08-23T08:00:00.654+0000] {standard_task_runner.py:87} INFO - Running: ['***', 'tasks', 'run', 'json_FT_processing_pipeline_03', 'new_json_file_sensor', 'scheduled__2024-08-22T08:00:00+00:00', '--job-id', '17', '--raw', '--subdir', 'DAGS_FOLDER/FranceTravail_pipeline_dag03.py', '--cfg-path', '/tmp/tmpnhe9g0s4']
[2024-08-23T08:00:00.657+0000] {standard_task_runner.py:88} INFO - Job 17: Subtask new_json_file_sensor
[2024-08-23T08:00:00.674+0000] {warnings.py:109} WARNING - /home/***/.local/lib/python3.8/site-packages/***/settings.py:194: DeprecationWarning: The sql_alchemy_conn option in [core] has been moved to the sql_alchemy_conn option in [database] - the old setting has been used, but please update your config.
  SQL_ALCHEMY_CONN = conf.get("database", "SQL_ALCHEMY_CONN")

[2024-08-23T08:00:00.709+0000] {task_command.py:423} INFO - Running <TaskInstance: json_FT_processing_pipeline_03.new_json_file_sensor scheduled__2024-08-22T08:00:00+00:00 [running]> on host f25666c00f72
[2024-08-23T08:00:00.781+0000] {taskinstance.py:2480} INFO - Exporting env vars: AIRFLOW_CTX_DAG_OWNER='***' AIRFLOW_CTX_DAG_ID='json_FT_processing_pipeline_03' AIRFLOW_CTX_TASK_ID='new_json_file_sensor' AIRFLOW_CTX_EXECUTION_DATE='2024-08-22T08:00:00+00:00' AIRFLOW_CTX_TRY_NUMBER='1' AIRFLOW_CTX_DAG_RUN_ID='scheduled__2024-08-22T08:00:00+00:00'
[2024-08-23T08:00:00.791+0000] {base.py:83} INFO - Using connection ID 'fs_jobmarket' for task execution.
[2024-08-23T08:00:00.791+0000] {filesystem.py:66} INFO - Poking for file /opt/***/ETL/Json_temp
[2024-08-23T08:00:10.808+0000] {base.py:83} INFO - Using connection ID 'fs_jobmarket' for task execution.
[2024-08-23T08:00:10.808+0000] {filesystem.py:66} INFO - Poking for file /opt/***/ETL/Json_temp
[2024-08-23T08:00:20.823+0000] {base.py:83} INFO - Using connection ID 'fs_jobmarket' for task execution.
[2024-08-23T08:00:20.823+0000] {filesystem.py:66} INFO - Poking for file /opt/***/ETL/Json_temp
[2024-08-23T08:00:30.843+0000] {base.py:83} INFO - Using connection ID 'fs_jobmarket' for task execution.
[2024-08-23T08:00:30.843+0000] {filesystem.py:66} INFO - Poking for file /opt/***/ETL/Json_temp
[2024-08-23T08:00:40.858+0000] {base.py:83} INFO - Using connection ID 'fs_jobmarket' for task execution.
[2024-08-23T08:00:40.859+0000] {filesystem.py:66} INFO - Poking for file /opt/***/ETL/Json_temp
[2024-08-23T08:00:50.875+0000] {base.py:83} INFO - Using connection ID 'fs_jobmarket' for task execution.
[2024-08-23T08:00:50.875+0000] {filesystem.py:66} INFO - Poking for file /opt/***/ETL/Json_temp
[2024-08-23T08:01:00.890+0000] {base.py:83} INFO - Using connection ID 'fs_jobmarket' for task execution.
[2024-08-23T08:01:00.890+0000] {filesystem.py:66} INFO - Poking for file /opt/***/ETL/Json_temp
[2024-08-23T08:01:10.906+0000] {base.py:83} INFO - Using connection ID 'fs_jobmarket' for task execution.
[2024-08-23T08:01:10.906+0000] {filesystem.py:66} INFO - Poking for file /opt/***/ETL/Json_temp
[2024-08-23T08:01:20.923+0000] {base.py:83} INFO - Using connection ID 'fs_jobmarket' for task execution.
[2024-08-23T08:01:20.923+0000] {filesystem.py:66} INFO - Poking for file /opt/***/ETL/Json_temp
[2024-08-23T08:01:30.939+0000] {base.py:83} INFO - Using connection ID 'fs_jobmarket' for task execution.
[2024-08-23T08:01:30.939+0000] {filesystem.py:66} INFO - Poking for file /opt/***/ETL/Json_temp
[2024-08-23T08:01:40.956+0000] {base.py:83} INFO - Using connection ID 'fs_jobmarket' for task execution.
[2024-08-23T08:01:40.957+0000] {filesystem.py:66} INFO - Poking for file /opt/***/ETL/Json_temp
[2024-08-23T08:01:50.971+0000] {base.py:83} INFO - Using connection ID 'fs_jobmarket' for task execution.
[2024-08-23T08:01:50.972+0000] {filesystem.py:66} INFO - Poking for file /opt/***/ETL/Json_temp
[2024-08-23T08:02:00.992+0000] {base.py:83} INFO - Using connection ID 'fs_jobmarket' for task execution.
[2024-08-23T08:02:00.993+0000] {filesystem.py:66} INFO - Poking for file /opt/***/ETL/Json_temp
[2024-08-23T08:02:11.010+0000] {base.py:83} INFO - Using connection ID 'fs_jobmarket' for task execution.
[2024-08-23T08:02:11.012+0000] {filesystem.py:66} INFO - Poking for file /opt/***/ETL/Json_temp
[2024-08-23T08:02:21.030+0000] {base.py:83} INFO - Using connection ID 'fs_jobmarket' for task execution.
[2024-08-23T08:02:21.030+0000] {filesystem.py:66} INFO - Poking for file /opt/***/ETL/Json_temp
[2024-08-23T08:02:31.046+0000] {base.py:83} INFO - Using connection ID 'fs_jobmarket' for task execution.
[2024-08-23T08:02:31.047+0000] {filesystem.py:66} INFO - Poking for file /opt/***/ETL/Json_temp
[2024-08-23T08:02:41.063+0000] {base.py:83} INFO - Using connection ID 'fs_jobmarket' for task execution.
[2024-08-23T08:02:41.063+0000] {filesystem.py:66} INFO - Poking for file /opt/***/ETL/Json_temp
[2024-08-23T08:02:51.080+0000] {base.py:83} INFO - Using connection ID 'fs_jobmarket' for task execution.
[2024-08-23T08:02:51.081+0000] {filesystem.py:66} INFO - Poking for file /opt/***/ETL/Json_temp
[2024-08-23T08:03:01.090+0000] {base.py:83} INFO - Using connection ID 'fs_jobmarket' for task execution.
[2024-08-23T08:03:01.091+0000] {filesystem.py:66} INFO - Poking for file /opt/***/ETL/Json_temp
[2024-08-23T08:03:11.110+0000] {base.py:83} INFO - Using connection ID 'fs_jobmarket' for task execution.
[2024-08-23T08:03:11.111+0000] {filesystem.py:66} INFO - Poking for file /opt/***/ETL/Json_temp
[2024-08-23T08:03:21.126+0000] {base.py:83} INFO - Using connection ID 'fs_jobmarket' for task execution.
[2024-08-23T08:03:21.127+0000] {filesystem.py:66} INFO - Poking for file /opt/***/ETL/Json_temp
[2024-08-23T08:03:31.145+0000] {base.py:83} INFO - Using connection ID 'fs_jobmarket' for task execution.
[2024-08-23T08:03:31.145+0000] {filesystem.py:66} INFO - Poking for file /opt/***/ETL/Json_temp
[2024-08-23T08:03:41.162+0000] {base.py:83} INFO - Using connection ID 'fs_jobmarket' for task execution.
[2024-08-23T08:03:41.162+0000] {filesystem.py:66} INFO - Poking for file /opt/***/ETL/Json_temp
[2024-08-23T08:03:51.178+0000] {base.py:83} INFO - Using connection ID 'fs_jobmarket' for task execution.
[2024-08-23T08:03:51.179+0000] {filesystem.py:66} INFO - Poking for file /opt/***/ETL/Json_temp
[2024-08-23T08:04:01.197+0000] {base.py:83} INFO - Using connection ID 'fs_jobmarket' for task execution.
[2024-08-23T08:04:01.197+0000] {filesystem.py:66} INFO - Poking for file /opt/***/ETL/Json_temp
[2024-08-23T08:04:11.214+0000] {base.py:83} INFO - Using connection ID 'fs_jobmarket' for task execution.
[2024-08-23T08:04:11.214+0000] {filesystem.py:66} INFO - Poking for file /opt/***/ETL/Json_temp
[2024-08-23T08:04:21.230+0000] {base.py:83} INFO - Using connection ID 'fs_jobmarket' for task execution.
[2024-08-23T08:04:21.230+0000] {filesystem.py:66} INFO - Poking for file /opt/***/ETL/Json_temp
[2024-08-23T08:04:31.246+0000] {base.py:83} INFO - Using connection ID 'fs_jobmarket' for task execution.
[2024-08-23T08:04:31.246+0000] {filesystem.py:66} INFO - Poking for file /opt/***/ETL/Json_temp
[2024-08-23T08:04:41.258+0000] {base.py:83} INFO - Using connection ID 'fs_jobmarket' for task execution.
[2024-08-23T08:04:41.258+0000] {filesystem.py:66} INFO - Poking for file /opt/***/ETL/Json_temp
[2024-08-23T08:04:51.274+0000] {base.py:83} INFO - Using connection ID 'fs_jobmarket' for task execution.
[2024-08-23T08:04:51.274+0000] {filesystem.py:66} INFO - Poking for file /opt/***/ETL/Json_temp
[2024-08-23T08:05:01.290+0000] {base.py:83} INFO - Using connection ID 'fs_jobmarket' for task execution.
[2024-08-23T08:05:01.290+0000] {filesystem.py:66} INFO - Poking for file /opt/***/ETL/Json_temp
[2024-08-23T08:05:11.308+0000] {base.py:83} INFO - Using connection ID 'fs_jobmarket' for task execution.
[2024-08-23T08:05:11.309+0000] {filesystem.py:66} INFO - Poking for file /opt/***/ETL/Json_temp
[2024-08-23T08:05:21.326+0000] {base.py:83} INFO - Using connection ID 'fs_jobmarket' for task execution.
[2024-08-23T08:05:21.327+0000] {filesystem.py:66} INFO - Poking for file /opt/***/ETL/Json_temp
[2024-08-23T08:05:31.344+0000] {base.py:83} INFO - Using connection ID 'fs_jobmarket' for task execution.
[2024-08-23T08:05:31.345+0000] {filesystem.py:66} INFO - Poking for file /opt/***/ETL/Json_temp
[2024-08-23T08:05:41.362+0000] {base.py:83} INFO - Using connection ID 'fs_jobmarket' for task execution.
[2024-08-23T08:05:41.363+0000] {filesystem.py:66} INFO - Poking for file /opt/***/ETL/Json_temp
[2024-08-23T08:05:51.380+0000] {base.py:83} INFO - Using connection ID 'fs_jobmarket' for task execution.
[2024-08-23T08:05:51.380+0000] {filesystem.py:66} INFO - Poking for file /opt/***/ETL/Json_temp
[2024-08-23T08:06:01.399+0000] {base.py:83} INFO - Using connection ID 'fs_jobmarket' for task execution.
[2024-08-23T08:06:01.399+0000] {filesystem.py:66} INFO - Poking for file /opt/***/ETL/Json_temp
[2024-08-23T08:06:11.414+0000] {base.py:83} INFO - Using connection ID 'fs_jobmarket' for task execution.
[2024-08-23T08:06:11.414+0000] {filesystem.py:66} INFO - Poking for file /opt/***/ETL/Json_temp
[2024-08-23T08:06:21.422+0000] {base.py:83} INFO - Using connection ID 'fs_jobmarket' for task execution.
[2024-08-23T08:06:21.422+0000] {filesystem.py:66} INFO - Poking for file /opt/***/ETL/Json_temp
[2024-08-23T08:06:31.441+0000] {base.py:83} INFO - Using connection ID 'fs_jobmarket' for task execution.
[2024-08-23T08:06:31.441+0000] {filesystem.py:66} INFO - Poking for file /opt/***/ETL/Json_temp
[2024-08-23T08:06:41.456+0000] {base.py:83} INFO - Using connection ID 'fs_jobmarket' for task execution.
[2024-08-23T08:06:41.456+0000] {filesystem.py:66} INFO - Poking for file /opt/***/ETL/Json_temp
[2024-08-23T08:06:51.475+0000] {base.py:83} INFO - Using connection ID 'fs_jobmarket' for task execution.
[2024-08-23T08:06:51.475+0000] {filesystem.py:66} INFO - Poking for file /opt/***/ETL/Json_temp
[2024-08-23T08:07:01.495+0000] {base.py:83} INFO - Using connection ID 'fs_jobmarket' for task execution.
[2024-08-23T08:07:01.495+0000] {filesystem.py:66} INFO - Poking for file /opt/***/ETL/Json_temp
[2024-08-23T08:07:11.510+0000] {base.py:83} INFO - Using connection ID 'fs_jobmarket' for task execution.
[2024-08-23T08:07:11.510+0000] {filesystem.py:66} INFO - Poking for file /opt/***/ETL/Json_temp
[2024-08-23T08:07:21.523+0000] {base.py:83} INFO - Using connection ID 'fs_jobmarket' for task execution.
[2024-08-23T08:07:21.524+0000] {filesystem.py:66} INFO - Poking for file /opt/***/ETL/Json_temp
[2024-08-23T08:07:31.535+0000] {base.py:83} INFO - Using connection ID 'fs_jobmarket' for task execution.
[2024-08-23T08:07:31.536+0000] {filesystem.py:66} INFO - Poking for file /opt/***/ETL/Json_temp
[2024-08-23T08:07:41.554+0000] {base.py:83} INFO - Using connection ID 'fs_jobmarket' for task execution.
[2024-08-23T08:07:41.554+0000] {filesystem.py:66} INFO - Poking for file /opt/***/ETL/Json_temp
[2024-08-23T08:07:51.570+0000] {base.py:83} INFO - Using connection ID 'fs_jobmarket' for task execution.
[2024-08-23T08:07:51.571+0000] {filesystem.py:66} INFO - Poking for file /opt/***/ETL/Json_temp
[2024-08-23T08:08:01.589+0000] {base.py:83} INFO - Using connection ID 'fs_jobmarket' for task execution.
[2024-08-23T08:08:01.589+0000] {filesystem.py:66} INFO - Poking for file /opt/***/ETL/Json_temp
[2024-08-23T08:08:11.607+0000] {base.py:83} INFO - Using connection ID 'fs_jobmarket' for task execution.
[2024-08-23T08:08:11.608+0000] {filesystem.py:66} INFO - Poking for file /opt/***/ETL/Json_temp
[2024-08-23T08:08:21.627+0000] {base.py:83} INFO - Using connection ID 'fs_jobmarket' for task execution.
[2024-08-23T08:08:21.627+0000] {filesystem.py:66} INFO - Poking for file /opt/***/ETL/Json_temp
[2024-08-23T08:08:31.642+0000] {base.py:83} INFO - Using connection ID 'fs_jobmarket' for task execution.
[2024-08-23T08:08:31.642+0000] {filesystem.py:66} INFO - Poking for file /opt/***/ETL/Json_temp
[2024-08-23T08:08:41.661+0000] {base.py:83} INFO - Using connection ID 'fs_jobmarket' for task execution.
[2024-08-23T08:08:41.661+0000] {filesystem.py:66} INFO - Poking for file /opt/***/ETL/Json_temp
[2024-08-23T08:08:51.679+0000] {base.py:83} INFO - Using connection ID 'fs_jobmarket' for task execution.
[2024-08-23T08:08:51.679+0000] {filesystem.py:66} INFO - Poking for file /opt/***/ETL/Json_temp
[2024-08-23T08:09:01.695+0000] {base.py:83} INFO - Using connection ID 'fs_jobmarket' for task execution.
[2024-08-23T08:09:01.695+0000] {filesystem.py:66} INFO - Poking for file /opt/***/ETL/Json_temp
[2024-08-23T08:09:11.712+0000] {base.py:83} INFO - Using connection ID 'fs_jobmarket' for task execution.
[2024-08-23T08:09:11.713+0000] {filesystem.py:66} INFO - Poking for file /opt/***/ETL/Json_temp
[2024-08-23T08:09:21.722+0000] {base.py:83} INFO - Using connection ID 'fs_jobmarket' for task execution.
[2024-08-23T08:09:21.722+0000] {filesystem.py:66} INFO - Poking for file /opt/***/ETL/Json_temp
[2024-08-23T08:09:31.738+0000] {base.py:83} INFO - Using connection ID 'fs_jobmarket' for task execution.
[2024-08-23T08:09:31.738+0000] {filesystem.py:66} INFO - Poking for file /opt/***/ETL/Json_temp
[2024-08-23T08:09:41.754+0000] {base.py:83} INFO - Using connection ID 'fs_jobmarket' for task execution.
[2024-08-23T08:09:41.754+0000] {filesystem.py:66} INFO - Poking for file /opt/***/ETL/Json_temp
[2024-08-23T08:09:51.770+0000] {base.py:83} INFO - Using connection ID 'fs_jobmarket' for task execution.
[2024-08-23T08:09:51.772+0000] {filesystem.py:66} INFO - Poking for file /opt/***/ETL/Json_temp
[2024-08-23T08:10:01.790+0000] {base.py:83} INFO - Using connection ID 'fs_jobmarket' for task execution.
[2024-08-23T08:10:01.790+0000] {filesystem.py:66} INFO - Poking for file /opt/***/ETL/Json_temp
[2024-08-23T08:10:01.791+0000] {taskinstance.py:2698} ERROR - Task failed with exception
Traceback (most recent call last):
  File "/home/airflow/.local/lib/python3.8/site-packages/airflow/models/taskinstance.py", line 433, in _execute_task
    result = execute_callable(context=context, **execute_callable_kwargs)
  File "/home/airflow/.local/lib/python3.8/site-packages/airflow/sensors/base.py", line 282, in execute
    raise AirflowSensorTimeout(message)
airflow.exceptions.AirflowSensorTimeout: Sensor has timed out; run duration of 601.0093157200026 seconds exceeds the specified timeout of 600.0.
[2024-08-23T08:10:01.802+0000] {taskinstance.py:1138} INFO - Immediate failure requested. Marking task as FAILED. dag_id=json_FT_processing_pipeline_03, task_id=new_json_file_sensor, execution_date=20240822T080000, start_date=20240823T080000, end_date=20240823T081001
[2024-08-23T08:10:01.815+0000] {standard_task_runner.py:107} ERROR - Failed to execute job 17 for task new_json_file_sensor (Sensor has timed out; run duration of 601.0093157200026 seconds exceeds the specified timeout of 600.0.; 2950)
[2024-08-23T08:10:01.832+0000] {local_task_job_runner.py:234} INFO - Task exited with return code 1
[2024-08-23T08:10:01.860+0000] {taskinstance.py:3280} INFO - 0 downstream tasks scheduled from follow-on schedule check
[2024-08-23T21:29:20.948+0000] {taskinstance.py:1956} INFO - Dependencies all met for dep_context=non-requeueable deps ti=<TaskInstance: json_FT_processing_pipeline_03.new_json_file_sensor scheduled__2024-08-22T08:00:00+00:00 [queued]>
[2024-08-23T21:29:20.958+0000] {taskinstance.py:1956} INFO - Dependencies all met for dep_context=requeueable deps ti=<TaskInstance: json_FT_processing_pipeline_03.new_json_file_sensor scheduled__2024-08-22T08:00:00+00:00 [queued]>
[2024-08-23T21:29:20.958+0000] {taskinstance.py:2170} INFO - Starting attempt 1 of 61
[2024-08-23T21:29:20.969+0000] {taskinstance.py:2191} INFO - Executing <Task(FileSensor): new_json_file_sensor> on 2024-08-22 08:00:00+00:00
[2024-08-23T21:29:20.973+0000] {standard_task_runner.py:60} INFO - Started process 17480 to run task
[2024-08-23T21:29:20.977+0000] {standard_task_runner.py:87} INFO - Running: ['***', 'tasks', 'run', 'json_FT_processing_pipeline_03', 'new_json_file_sensor', 'scheduled__2024-08-22T08:00:00+00:00', '--job-id', '42', '--raw', '--subdir', 'DAGS_FOLDER/FranceTravail_pipeline_dag03.py', '--cfg-path', '/tmp/tmp0tnnq5hs']
[2024-08-23T21:29:20.978+0000] {standard_task_runner.py:88} INFO - Job 42: Subtask new_json_file_sensor
[2024-08-23T21:29:20.992+0000] {warnings.py:109} WARNING - /home/***/.local/lib/python3.8/site-packages/***/settings.py:194: DeprecationWarning: The sql_alchemy_conn option in [core] has been moved to the sql_alchemy_conn option in [database] - the old setting has been used, but please update your config.
  SQL_ALCHEMY_CONN = conf.get("database", "SQL_ALCHEMY_CONN")

[2024-08-23T21:29:21.025+0000] {task_command.py:423} INFO - Running <TaskInstance: json_FT_processing_pipeline_03.new_json_file_sensor scheduled__2024-08-22T08:00:00+00:00 [running]> on host 9e648299db30
[2024-08-23T21:29:21.097+0000] {taskinstance.py:2480} INFO - Exporting env vars: AIRFLOW_CTX_DAG_OWNER='***' AIRFLOW_CTX_DAG_ID='json_FT_processing_pipeline_03' AIRFLOW_CTX_TASK_ID='new_json_file_sensor' AIRFLOW_CTX_EXECUTION_DATE='2024-08-22T08:00:00+00:00' AIRFLOW_CTX_TRY_NUMBER='1' AIRFLOW_CTX_DAG_RUN_ID='scheduled__2024-08-22T08:00:00+00:00'
[2024-08-23T21:29:21.106+0000] {base.py:83} INFO - Using connection ID 'fs_jobmarket' for task execution.
[2024-08-23T21:29:21.107+0000] {filesystem.py:66} INFO - Poking for file /opt/***/ETL/Json_temp
[2024-08-23T21:29:31.122+0000] {base.py:83} INFO - Using connection ID 'fs_jobmarket' for task execution.
[2024-08-23T21:29:31.122+0000] {filesystem.py:66} INFO - Poking for file /opt/***/ETL/Json_temp
[2024-08-23T21:29:41.141+0000] {base.py:83} INFO - Using connection ID 'fs_jobmarket' for task execution.
[2024-08-23T21:29:41.142+0000] {filesystem.py:66} INFO - Poking for file /opt/***/ETL/Json_temp
[2024-08-23T21:29:51.159+0000] {base.py:83} INFO - Using connection ID 'fs_jobmarket' for task execution.
[2024-08-23T21:29:51.159+0000] {filesystem.py:66} INFO - Poking for file /opt/***/ETL/Json_temp
[2024-08-23T21:30:01.177+0000] {base.py:83} INFO - Using connection ID 'fs_jobmarket' for task execution.
[2024-08-23T21:30:01.177+0000] {filesystem.py:66} INFO - Poking for file /opt/***/ETL/Json_temp
[2024-08-23T21:30:11.196+0000] {base.py:83} INFO - Using connection ID 'fs_jobmarket' for task execution.
[2024-08-23T21:30:11.196+0000] {filesystem.py:66} INFO - Poking for file /opt/***/ETL/Json_temp
[2024-08-23T21:30:21.209+0000] {base.py:83} INFO - Using connection ID 'fs_jobmarket' for task execution.
[2024-08-23T21:30:21.209+0000] {filesystem.py:66} INFO - Poking for file /opt/***/ETL/Json_temp
[2024-08-23T21:30:31.226+0000] {base.py:83} INFO - Using connection ID 'fs_jobmarket' for task execution.
[2024-08-23T21:30:31.227+0000] {filesystem.py:66} INFO - Poking for file /opt/***/ETL/Json_temp
[2024-08-23T21:30:41.245+0000] {base.py:83} INFO - Using connection ID 'fs_jobmarket' for task execution.
[2024-08-23T21:30:41.246+0000] {filesystem.py:66} INFO - Poking for file /opt/***/ETL/Json_temp
[2024-08-23T21:30:51.258+0000] {base.py:83} INFO - Using connection ID 'fs_jobmarket' for task execution.
[2024-08-23T21:30:51.259+0000] {filesystem.py:66} INFO - Poking for file /opt/***/ETL/Json_temp
[2024-08-23T21:31:01.276+0000] {base.py:83} INFO - Using connection ID 'fs_jobmarket' for task execution.
[2024-08-23T21:31:01.276+0000] {filesystem.py:66} INFO - Poking for file /opt/***/ETL/Json_temp
[2024-08-23T21:31:11.294+0000] {base.py:83} INFO - Using connection ID 'fs_jobmarket' for task execution.
[2024-08-23T21:31:11.294+0000] {filesystem.py:66} INFO - Poking for file /opt/***/ETL/Json_temp
[2024-08-23T21:31:21.313+0000] {base.py:83} INFO - Using connection ID 'fs_jobmarket' for task execution.
[2024-08-23T21:31:21.313+0000] {filesystem.py:66} INFO - Poking for file /opt/***/ETL/Json_temp
[2024-08-23T21:31:31.329+0000] {base.py:83} INFO - Using connection ID 'fs_jobmarket' for task execution.
[2024-08-23T21:31:31.329+0000] {filesystem.py:66} INFO - Poking for file /opt/***/ETL/Json_temp
[2024-08-23T21:31:41.346+0000] {base.py:83} INFO - Using connection ID 'fs_jobmarket' for task execution.
[2024-08-23T21:31:41.347+0000] {filesystem.py:66} INFO - Poking for file /opt/***/ETL/Json_temp
[2024-08-23T21:31:51.365+0000] {base.py:83} INFO - Using connection ID 'fs_jobmarket' for task execution.
[2024-08-23T21:31:51.365+0000] {filesystem.py:66} INFO - Poking for file /opt/***/ETL/Json_temp
[2024-08-23T21:32:01.383+0000] {base.py:83} INFO - Using connection ID 'fs_jobmarket' for task execution.
[2024-08-23T21:32:01.383+0000] {filesystem.py:66} INFO - Poking for file /opt/***/ETL/Json_temp
[2024-08-23T21:32:11.402+0000] {base.py:83} INFO - Using connection ID 'fs_jobmarket' for task execution.
[2024-08-23T21:32:11.402+0000] {filesystem.py:66} INFO - Poking for file /opt/***/ETL/Json_temp
[2024-08-23T21:32:21.419+0000] {base.py:83} INFO - Using connection ID 'fs_jobmarket' for task execution.
[2024-08-23T21:32:21.419+0000] {filesystem.py:66} INFO - Poking for file /opt/***/ETL/Json_temp
[2024-08-23T21:32:31.435+0000] {base.py:83} INFO - Using connection ID 'fs_jobmarket' for task execution.
[2024-08-23T21:32:31.436+0000] {filesystem.py:66} INFO - Poking for file /opt/***/ETL/Json_temp
[2024-08-23T21:32:41.451+0000] {base.py:83} INFO - Using connection ID 'fs_jobmarket' for task execution.
[2024-08-23T21:32:41.452+0000] {filesystem.py:66} INFO - Poking for file /opt/***/ETL/Json_temp
[2024-08-23T21:32:51.466+0000] {base.py:83} INFO - Using connection ID 'fs_jobmarket' for task execution.
[2024-08-23T21:32:51.467+0000] {filesystem.py:66} INFO - Poking for file /opt/***/ETL/Json_temp
[2024-08-23T21:33:01.485+0000] {base.py:83} INFO - Using connection ID 'fs_jobmarket' for task execution.
[2024-08-23T21:33:01.485+0000] {filesystem.py:66} INFO - Poking for file /opt/***/ETL/Json_temp
[2024-08-23T21:33:11.504+0000] {base.py:83} INFO - Using connection ID 'fs_jobmarket' for task execution.
[2024-08-23T21:33:11.504+0000] {filesystem.py:66} INFO - Poking for file /opt/***/ETL/Json_temp
[2024-08-23T21:33:21.519+0000] {base.py:83} INFO - Using connection ID 'fs_jobmarket' for task execution.
[2024-08-23T21:33:21.520+0000] {filesystem.py:66} INFO - Poking for file /opt/***/ETL/Json_temp
[2024-08-23T21:33:31.534+0000] {base.py:83} INFO - Using connection ID 'fs_jobmarket' for task execution.
[2024-08-23T21:33:31.535+0000] {filesystem.py:66} INFO - Poking for file /opt/***/ETL/Json_temp
[2024-08-23T21:33:41.550+0000] {base.py:83} INFO - Using connection ID 'fs_jobmarket' for task execution.
[2024-08-23T21:33:41.550+0000] {filesystem.py:66} INFO - Poking for file /opt/***/ETL/Json_temp
[2024-08-23T21:33:51.567+0000] {base.py:83} INFO - Using connection ID 'fs_jobmarket' for task execution.
[2024-08-23T21:33:51.567+0000] {filesystem.py:66} INFO - Poking for file /opt/***/ETL/Json_temp
[2024-08-23T21:34:01.586+0000] {base.py:83} INFO - Using connection ID 'fs_jobmarket' for task execution.
[2024-08-23T21:34:01.586+0000] {filesystem.py:66} INFO - Poking for file /opt/***/ETL/Json_temp
[2024-08-23T21:34:11.602+0000] {base.py:83} INFO - Using connection ID 'fs_jobmarket' for task execution.
[2024-08-23T21:34:11.603+0000] {filesystem.py:66} INFO - Poking for file /opt/***/ETL/Json_temp
[2024-08-23T21:34:21.618+0000] {base.py:83} INFO - Using connection ID 'fs_jobmarket' for task execution.
[2024-08-23T21:34:21.618+0000] {filesystem.py:66} INFO - Poking for file /opt/***/ETL/Json_temp
[2024-08-23T21:34:31.634+0000] {base.py:83} INFO - Using connection ID 'fs_jobmarket' for task execution.
[2024-08-23T21:34:31.634+0000] {filesystem.py:66} INFO - Poking for file /opt/***/ETL/Json_temp
[2024-08-23T21:34:41.650+0000] {base.py:83} INFO - Using connection ID 'fs_jobmarket' for task execution.
[2024-08-23T21:34:41.650+0000] {filesystem.py:66} INFO - Poking for file /opt/***/ETL/Json_temp
[2024-08-23T21:34:51.668+0000] {base.py:83} INFO - Using connection ID 'fs_jobmarket' for task execution.
[2024-08-23T21:34:51.669+0000] {filesystem.py:66} INFO - Poking for file /opt/***/ETL/Json_temp
[2024-08-23T21:35:01.685+0000] {base.py:83} INFO - Using connection ID 'fs_jobmarket' for task execution.
[2024-08-23T21:35:01.686+0000] {filesystem.py:66} INFO - Poking for file /opt/***/ETL/Json_temp
[2024-08-23T21:35:11.702+0000] {base.py:83} INFO - Using connection ID 'fs_jobmarket' for task execution.
[2024-08-23T21:35:11.702+0000] {filesystem.py:66} INFO - Poking for file /opt/***/ETL/Json_temp
[2024-08-23T21:35:21.720+0000] {base.py:83} INFO - Using connection ID 'fs_jobmarket' for task execution.
[2024-08-23T21:35:21.720+0000] {filesystem.py:66} INFO - Poking for file /opt/***/ETL/Json_temp
[2024-08-23T21:35:31.739+0000] {base.py:83} INFO - Using connection ID 'fs_jobmarket' for task execution.
[2024-08-23T21:35:31.739+0000] {filesystem.py:66} INFO - Poking for file /opt/***/ETL/Json_temp
[2024-08-23T21:35:41.756+0000] {base.py:83} INFO - Using connection ID 'fs_jobmarket' for task execution.
[2024-08-23T21:35:41.757+0000] {filesystem.py:66} INFO - Poking for file /opt/***/ETL/Json_temp
[2024-08-23T21:35:51.774+0000] {base.py:83} INFO - Using connection ID 'fs_jobmarket' for task execution.
[2024-08-23T21:35:51.775+0000] {filesystem.py:66} INFO - Poking for file /opt/***/ETL/Json_temp
[2024-08-23T21:36:01.791+0000] {base.py:83} INFO - Using connection ID 'fs_jobmarket' for task execution.
[2024-08-23T21:36:01.791+0000] {filesystem.py:66} INFO - Poking for file /opt/***/ETL/Json_temp
[2024-08-23T21:36:11.806+0000] {base.py:83} INFO - Using connection ID 'fs_jobmarket' for task execution.
[2024-08-23T21:36:11.807+0000] {filesystem.py:66} INFO - Poking for file /opt/***/ETL/Json_temp
[2024-08-23T21:36:21.822+0000] {base.py:83} INFO - Using connection ID 'fs_jobmarket' for task execution.
[2024-08-23T21:36:21.822+0000] {filesystem.py:66} INFO - Poking for file /opt/***/ETL/Json_temp
[2024-08-23T21:36:31.839+0000] {base.py:83} INFO - Using connection ID 'fs_jobmarket' for task execution.
[2024-08-23T21:36:31.839+0000] {filesystem.py:66} INFO - Poking for file /opt/***/ETL/Json_temp
[2024-08-23T21:36:41.858+0000] {base.py:83} INFO - Using connection ID 'fs_jobmarket' for task execution.
[2024-08-23T21:36:41.858+0000] {filesystem.py:66} INFO - Poking for file /opt/***/ETL/Json_temp
[2024-08-23T21:36:51.876+0000] {base.py:83} INFO - Using connection ID 'fs_jobmarket' for task execution.
[2024-08-23T21:36:51.877+0000] {filesystem.py:66} INFO - Poking for file /opt/***/ETL/Json_temp
[2024-08-23T21:37:01.894+0000] {base.py:83} INFO - Using connection ID 'fs_jobmarket' for task execution.
[2024-08-23T21:37:01.894+0000] {filesystem.py:66} INFO - Poking for file /opt/***/ETL/Json_temp
[2024-08-23T21:37:11.906+0000] {base.py:83} INFO - Using connection ID 'fs_jobmarket' for task execution.
[2024-08-23T21:37:11.907+0000] {filesystem.py:66} INFO - Poking for file /opt/***/ETL/Json_temp
[2024-08-23T21:37:21.921+0000] {base.py:83} INFO - Using connection ID 'fs_jobmarket' for task execution.
[2024-08-23T21:37:21.922+0000] {filesystem.py:66} INFO - Poking for file /opt/***/ETL/Json_temp
[2024-08-23T21:37:31.937+0000] {base.py:83} INFO - Using connection ID 'fs_jobmarket' for task execution.
[2024-08-23T21:37:31.938+0000] {filesystem.py:66} INFO - Poking for file /opt/***/ETL/Json_temp
[2024-08-23T21:37:41.954+0000] {base.py:83} INFO - Using connection ID 'fs_jobmarket' for task execution.
[2024-08-23T21:37:41.955+0000] {filesystem.py:66} INFO - Poking for file /opt/***/ETL/Json_temp
[2024-08-23T21:37:51.973+0000] {base.py:83} INFO - Using connection ID 'fs_jobmarket' for task execution.
[2024-08-23T21:37:51.974+0000] {filesystem.py:66} INFO - Poking for file /opt/***/ETL/Json_temp
[2024-08-23T21:38:01.991+0000] {base.py:83} INFO - Using connection ID 'fs_jobmarket' for task execution.
[2024-08-23T21:38:01.991+0000] {filesystem.py:66} INFO - Poking for file /opt/***/ETL/Json_temp
[2024-08-23T21:38:12.008+0000] {base.py:83} INFO - Using connection ID 'fs_jobmarket' for task execution.
[2024-08-23T21:38:12.009+0000] {filesystem.py:66} INFO - Poking for file /opt/***/ETL/Json_temp
[2024-08-23T21:38:22.026+0000] {base.py:83} INFO - Using connection ID 'fs_jobmarket' for task execution.
[2024-08-23T21:38:22.026+0000] {filesystem.py:66} INFO - Poking for file /opt/***/ETL/Json_temp
[2024-08-23T21:38:32.041+0000] {base.py:83} INFO - Using connection ID 'fs_jobmarket' for task execution.
[2024-08-23T21:38:32.042+0000] {filesystem.py:66} INFO - Poking for file /opt/***/ETL/Json_temp
[2024-08-23T21:38:42.060+0000] {base.py:83} INFO - Using connection ID 'fs_jobmarket' for task execution.
[2024-08-23T21:38:42.060+0000] {filesystem.py:66} INFO - Poking for file /opt/***/ETL/Json_temp
[2024-08-23T21:38:52.075+0000] {base.py:83} INFO - Using connection ID 'fs_jobmarket' for task execution.
[2024-08-23T21:38:52.075+0000] {filesystem.py:66} INFO - Poking for file /opt/***/ETL/Json_temp
[2024-08-23T21:39:02.091+0000] {base.py:83} INFO - Using connection ID 'fs_jobmarket' for task execution.
[2024-08-23T21:39:02.091+0000] {filesystem.py:66} INFO - Poking for file /opt/***/ETL/Json_temp
[2024-08-23T21:39:12.108+0000] {base.py:83} INFO - Using connection ID 'fs_jobmarket' for task execution.
[2024-08-23T21:39:12.109+0000] {filesystem.py:66} INFO - Poking for file /opt/***/ETL/Json_temp
[2024-08-23T21:39:22.126+0000] {base.py:83} INFO - Using connection ID 'fs_jobmarket' for task execution.
[2024-08-23T21:39:22.126+0000] {filesystem.py:66} INFO - Poking for file /opt/***/ETL/Json_temp
[2024-08-23T21:39:22.127+0000] {taskinstance.py:2698} ERROR - Task failed with exception
Traceback (most recent call last):
  File "/home/airflow/.local/lib/python3.8/site-packages/airflow/models/taskinstance.py", line 433, in _execute_task
    result = execute_callable(context=context, **execute_callable_kwargs)
  File "/home/airflow/.local/lib/python3.8/site-packages/airflow/sensors/base.py", line 282, in execute
    raise AirflowSensorTimeout(message)
airflow.exceptions.AirflowSensorTimeout: Sensor has timed out; run duration of 601.0294027730124 seconds exceeds the specified timeout of 600.0.
[2024-08-23T21:39:22.136+0000] {taskinstance.py:1138} INFO - Immediate failure requested. Marking task as FAILED. dag_id=json_FT_processing_pipeline_03, task_id=new_json_file_sensor, execution_date=20240822T080000, start_date=20240823T212920, end_date=20240823T213922
[2024-08-23T21:39:22.147+0000] {standard_task_runner.py:107} ERROR - Failed to execute job 42 for task new_json_file_sensor (Sensor has timed out; run duration of 601.0294027730124 seconds exceeds the specified timeout of 600.0.; 17480)
[2024-08-23T21:39:22.159+0000] {local_task_job_runner.py:234} INFO - Task exited with return code 1
[2024-08-23T21:39:22.182+0000] {taskinstance.py:3280} INFO - 0 downstream tasks scheduled from follow-on schedule check
